{"inputs": {"userid": "7a0f5e6d-e86b-4697-bf74-37021e9e5be0"}, "name": "Likert", "checksum": "33083c7d", "params": {"scale": [[0, "very conservative"], [1, "conservative"], [2, "moderate"], [3, "liberal"], [4, "very liberal"]]}, "time": 1401402691, "salt": "Likert", "event": "exposure"}
{"inputs": {"userid": "7a0f5e6d-e86b-4697-bf74-37021e9e5be0"}, "name": "Likert", "checksum": "33083c7d", "params": {"scale": [[0, "very conservative"], [1, "conservative"], [2, "moderate"], [3, "liberal"], [4, "very liberal"]]}, "time": 1401402693, "salt": "Likert", "event": "exposure"}
{"inputs": {"userid": "7a0f5e6d-e86b-4697-bf74-37021e9e5be0"}, "name": "Likert", "checksum": "33083c7d", "params": {"scale": [[0, "very conservative"], [1, "conservative"], [2, "moderate"], [3, "liberal"], [4, "very liberal"]]}, "time": 1401402693, "salt": "Likert", "event": "exposure"}
{"inputs": {"scale": [[0, "very conservative"], [1, "conservative"], [2, "moderate"], [3, "liberal"], [4, "very liberal"]], "userid": "7a0f5e6d-e86b-4697-bf74-37021e9e5be0"}, "name": "Likert", "checksum": "9fccff95", "params": {"scale": [[0, "very conservative"], [1, "conservative"], [2, "moderate"], [3, "liberal"], [4, "very liberal"]]}, "time": 1401402893, "salt": "Likert", "event": "exposure"}
{"inputs": {"scale": [[0, "very conservative"], [1, "conservative"], [2, "moderate"], [3, "liberal"], [4, "very liberal"]], "userid": "7a0f5e6d-e86b-4697-bf74-37021e9e5be0"}, "name": "Likert", "checksum": "9fccff95", "params": {"scale": [[0, "very conservative"], [1, "conservative"], [2, "moderate"], [3, "liberal"], [4, "very liberal"]]}, "time": 1401402894, "salt": "Likert", "event": "exposure"}
{"inputs": {"scale": [[0, "very conservative"], [1, "conservative"], [2, "moderate"], [3, "liberal"], [4, "very liberal"]], "userid": "7a0f5e6d-e86b-4697-bf74-37021e9e5be0"}, "name": "Likert", "checksum": "9fccff95", "params": {"scale": [[0, "very conservative"], [1, "conservative"], [2, "moderate"], [3, "liberal"], [4, "very liberal"]]}, "time": 1401402894, "salt": "Likert", "event": "exposure"}
{"inputs": {"scale": [[0, "very conservative"], [1, "conservative"], [2, "moderate"], [3, "liberal"], [4, "very liberal"]], "userid": "7a0f5e6d-e86b-4697-bf74-37021e9e5be0"}, "name": "Likert", "checksum": "9fccff95", "params": {"scale": [[0, "very conservative"], [1, "conservative"], [2, "moderate"], [3, "liberal"], [4, "very liberal"]]}, "time": 1401402894, "salt": "Likert", "event": "exposure"}
{"inputs": {"scale": [[0, "very conservative"], [1, "conservative"], [2, "moderate"], [3, "liberal"], [4, "very liberal"]], "userid": "7a0f5e6d-e86b-4697-bf74-37021e9e5be0"}, "name": "Likert", "checksum": "9fccff95", "params": {"scale": [[0, "very conservative"], [1, "conservative"], [2, "moderate"], [3, "liberal"], [4, "very liberal"]]}, "time": 1401402894, "salt": "Likert", "event": "exposure"}
{"inputs": {"scale": [[0, "very conservative"], [1, "conservative"], [2, "moderate"], [3, "liberal"], [4, "very liberal"]], "userid": "7a0f5e6d-e86b-4697-bf74-37021e9e5be0"}, "name": "Likert", "checksum": "9fccff95", "params": {"scale": [[0, "very conservative"], [1, "conservative"], [2, "moderate"], [3, "liberal"], [4, "very liberal"]]}, "time": 1401402894, "salt": "Likert", "event": "exposure"}
{"inputs": {"scale": [[0, "very conservative"], [1, "conservative"], [2, "moderate"], [3, "liberal"], [4, "very liberal"]], "userid": "7a0f5e6d-e86b-4697-bf74-37021e9e5be0"}, "name": "Likert", "checksum": "aaaf275d", "params": {"scale": [[4, "very liberal"], [3, "liberal"], [2, "moderate"], [1, "conservative"], [0, "very conservative"]]}, "time": 1401402908, "salt": "Likert", "event": "exposure"}
{"inputs": {"scale": [[0, "very conservative"], [1, "conservative"], [2, "moderate"], [3, "liberal"], [4, "very liberal"]], "userid": "7a0f5e6d-e86b-4697-bf74-37021e9e5be0"}, "name": "Likert", "checksum": "aaaf275d", "params": {"scale": [[4, "very liberal"], [3, "liberal"], [2, "moderate"], [1, "conservative"], [0, "very conservative"]]}, "time": 1401402909, "salt": "Likert", "event": "exposure"}
{"inputs": {"scale": [[0, "very conservative"], [1, "conservative"], [2, "moderate"], [3, "liberal"], [4, "very liberal"]], "userid": "7a0f5e6d-e86b-4697-bf74-37021e9e5be0"}, "name": "Likert", "checksum": "aaaf275d", "params": {"scale": [[4, "very liberal"], [3, "liberal"], [2, "moderate"], [1, "conservative"], [0, "very conservative"]]}, "time": 1401402909, "salt": "Likert", "event": "exposure"}
{"inputs": {"userid": "7a0f5e6d-e86b-4697-bf74-37021e9e5be0"}, "name": "Likert", "checksum": "f9dfb298", "params": {"reversed_scale": 0}, "time": 1401403100, "salt": "Likert", "event": "exposure"}
{"inputs": {"userid": "7a0f5e6d-e86b-4697-bf74-37021e9e5be0"}, "name": "Likert", "checksum": "f9dfb298", "params": {"reversed_scale": 0}, "time": 1401403101, "salt": "Likert", "event": "exposure"}
{"inputs": {"userid": "7a0f5e6d-e86b-4697-bf74-37021e9e5be0"}, "name": "Likert", "checksum": "f9dfb298", "params": {"reversed_scale": 0}, "time": 1401403101, "salt": "Likert", "event": "exposure"}
{"inputs": {"userid": "7a0f5e6d-e86b-4697-bf74-37021e9e5be0"}, "name": "Likert", "checksum": "f9dfb298", "params": {"reversed_scale": 0}, "time": 1401403101, "salt": "Likert", "event": "exposure"}
{"inputs": {"userid": "7a0f5e6d-e86b-4697-bf74-37021e9e5be0"}, "name": "Likert", "checksum": "f9dfb298", "params": {"reversed_scale": 0}, "time": 1401403102, "salt": "Likert", "event": "exposure"}
{"inputs": {"userid": "7a0f5e6d-e86b-4697-bf74-37021e9e5be0"}, "name": "Likert", "checksum": "f9dfb298", "params": {"reversed_scale": 0}, "time": 1401403124, "salt": "Likert", "event": "exposure"}
{"inputs": {"userid": "7a0f5e6d-e86b-4697-bf74-37021e9e5be0"}, "name": "Likert", "checksum": "f9dfb298", "params": {"reversed_scale": 0}, "time": 1401403125, "salt": "Likert", "event": "exposure"}
{"inputs": {"userid": "7a0f5e6d-e86b-4697-bf74-37021e9e5be0"}, "name": "Likert", "checksum": "f9dfb298", "params": {"reversed_scale": 0}, "time": 1401403140, "salt": "Likert", "event": "exposure"}
{"inputs": {"userid": "7a0f5e6d-e86b-4697-bf74-37021e9e5be0"}, "name": "Likert", "checksum": "f9dfb298", "params": {"reversed_scale": 0}, "time": 1401403217, "salt": "Likert", "event": "exposure"}
{"inputs": {"userid": "7a0f5e6d-e86b-4697-bf74-37021e9e5be0"}, "name": "Likert", "checksum": "f9dfb298", "params": {"reversed_scale": 0}, "time": 1401403218, "salt": "Likert", "event": "exposure"}
{"inputs": {"userid": "7a0f5e6d-e86b-4697-bf74-37021e9e5be0"}, "name": "Likert", "checksum": "f9dfb298", "params": {"reversed_scale": 0}, "time": 1401403218, "salt": "Likert", "event": "exposure"}
{"inputs": {"userid": "7a0f5e6d-e86b-4697-bf74-37021e9e5be0"}, "name": "Likert", "checksum": "f9dfb298", "params": {"reversed_scale": 0}, "time": 1401403219, "salt": "Likert", "event": "exposure"}
{"inputs": {"userid": "7a0f5e6d-e86b-4697-bf74-37021e9e5be0"}, "name": "Likert", "checksum": "f9dfb298", "params": {"reversed_scale": 0}, "time": 1401403219, "salt": "Likert", "event": "exposure"}
{"inputs": {"userid": "7a0f5e6d-e86b-4697-bf74-37021e9e5be0"}, "name": "Likert", "checksum": "f9dfb298", "params": {"reversed_scale": 0}, "time": 1401403272, "salt": "Likert", "event": "exposure"}
{"inputs": {"userid": "7a0f5e6d-e86b-4697-bf74-37021e9e5be0"}, "name": "Likert", "checksum": "f9dfb298", "params": {"reversed_scale": 0}, "time": 1401403273, "salt": "Likert", "event": "exposure"}
{"inputs": {"userid": "7a0f5e6d-e86b-4697-bf74-37021e9e5be0"}, "name": "Likert", "checksum": "f9dfb298", "params": {"reversed_scale": 0}, "time": 1401403284, "salt": "Likert", "event": "exposure"}
{"inputs": {"userid": "7a0f5e6d-e86b-4697-bf74-37021e9e5be0"}, "name": "Likert", "checksum": "f9dfb298", "params": {"reversed_scale": 0}, "time": 1401403329, "salt": "Likert", "event": "exposure"}
{"inputs": {"userid": "7a0f5e6d-e86b-4697-bf74-37021e9e5be0"}, "name": "Likert", "checksum": "f9dfb298", "params": {"reversed_scale": 0}, "time": 1401403329, "salt": "Likert", "event": "exposure"}
{"inputs": {"userid": "7a0f5e6d-e86b-4697-bf74-37021e9e5be0"}, "name": "Likert", "checksum": "f9dfb298", "params": {"reversed_scale": 0}, "time": 1401403330, "salt": "Likert", "event": "exposure"}
{"inputs": {"userid": "7a0f5e6d-e86b-4697-bf74-37021e9e5be0"}, "name": "Likert", "checksum": "f9dfb298", "params": {"reversed_scale": 0}, "time": 1401403333, "salt": "Likert", "event": "exposure"}
{"inputs": {"userid": "7a0f5e6d-e86b-4697-bf74-37021e9e5be0"}, "name": "Likert", "checksum": "f9dfb298", "params": {"reversed_scale": 0}, "time": 1401403355, "salt": "Likert", "event": "exposure"}
{"inputs": {"userid": "7a0f5e6d-e86b-4697-bf74-37021e9e5be0"}, "name": "Likert", "checksum": "f9dfb298", "params": {"reversed_scale": 0}, "time": 1401403410, "salt": "Likert", "event": "exposure"}
{"inputs": {"userid": "7a0f5e6d-e86b-4697-bf74-37021e9e5be0"}, "name": "Likert", "checksum": "f9dfb298", "params": {"reversed_scale": 0}, "time": 1401403569, "salt": "Likert", "event": "exposure"}
{"inputs": {"userid": "7a0f5e6d-e86b-4697-bf74-37021e9e5be0"}, "name": "Likert", "checksum": "f9dfb298", "params": {"reversed_scale": 0}, "time": 1401403578, "salt": "Likert", "event": "exposure"}
{"inputs": {"userid": "7a0f5e6d-e86b-4697-bf74-37021e9e5be0"}, "name": "Likert", "checksum": "f9dfb298", "params": {"reversed_scale": 0}, "time": 1401403617, "salt": "Likert", "event": "exposure"}
{"inputs": {"userid": "7a0f5e6d-e86b-4697-bf74-37021e9e5be0"}, "name": "Likert", "checksum": "f9dfb298", "params": {"reversed_scale": 0}, "time": 1401403618, "salt": "Likert", "event": "exposure"}
{"inputs": {"userid": "7a0f5e6d-e86b-4697-bf74-37021e9e5be0"}, "name": "Likert", "checksum": "f9dfb298", "params": {"reversed_scale": 0}, "time": 1401403619, "salt": "Likert", "event": "exposure"}
{"inputs": {"userid": "7a0f5e6d-e86b-4697-bf74-37021e9e5be0"}, "name": "Likert", "checksum": "f9dfb298", "params": {"reversed_scale": 0}, "time": 1401403620, "salt": "Likert", "event": "exposure"}
{"inputs": {"userid": "7a0f5e6d-e86b-4697-bf74-37021e9e5be0"}, "name": "Likert", "checksum": "f9dfb298", "params": {"reversed_scale": 0}, "time": 1401403660, "salt": "Likert", "event": "exposure"}
{"inputs": {"userid": "7a0f5e6d-e86b-4697-bf74-37021e9e5be0"}, "name": "Likert", "checksum": "f9dfb298", "params": {"reversed_scale": 0}, "time": 1401403661, "extra_data": {"resp": null}, "salt": "Likert", "event": "response"}
{"inputs": {"userid": "7a0f5e6d-e86b-4697-bf74-37021e9e5be0"}, "name": "Likert", "checksum": "f9dfb298", "params": {"reversed_scale": 0}, "time": 1401403661, "salt": "Likert", "event": "exposure"}
{"inputs": {"userid": "7a0f5e6d-e86b-4697-bf74-37021e9e5be0"}, "name": "Likert", "checksum": "f9dfb298", "params": {"reversed_scale": 0}, "time": 1401403663, "extra_data": {"resp": 1}, "salt": "Likert", "event": "response"}
{"inputs": {"userid": "7a0f5e6d-e86b-4697-bf74-37021e9e5be0"}, "name": "Likert", "checksum": "f9dfb298", "params": {"reversed_scale": 0}, "time": 1401403689, "salt": "Likert", "event": "exposure"}
{"inputs": {"userid": "7a0f5e6d-e86b-4697-bf74-37021e9e5be0"}, "name": "Likert", "checksum": "f9dfb298", "params": {"reversed_scale": 0}, "time": 1401403692, "extra_data": {"resp": 2}, "salt": "Likert", "event": "response"}
{"inputs": {"userid": "7a0f5e6d-e86b-4697-bf74-37021e9e5be0"}, "name": "Likert", "checksum": "f9dfb298", "params": {"reversed_scale": 0}, "time": 1401403993, "salt": "Likert", "event": "exposure"}
{"inputs": {"userid": "7a0f5e6d-e86b-4697-bf74-37021e9e5be0"}, "name": "Likert", "checksum": "f9dfb298", "params": {"reversed_scale": 0}, "time": 1401403996, "extra_data": {"resp": 2}, "salt": "Likert", "event": "response"}
{"inputs": {"userid": "7a0f5e6d-e86b-4697-bf74-37021e9e5be0"}, "name": "Likert", "checksum": "f9dfb298", "params": {"reversed_scale": 0}, "time": 1401404001, "salt": "Likert", "event": "exposure"}
{"inputs": {"userid": "7a0f5e6d-e86b-4697-bf74-37021e9e5be0"}, "name": "Likert", "checksum": "f9dfb298", "params": {"reversed_scale": 0}, "time": 1401405773, "salt": "Likert", "event": "exposure"}
{"inputs": {"userid": "7a0f5e6d-e86b-4697-bf74-37021e9e5be0"}, "name": "Likert", "checksum": "f9dfb298", "params": {"reversed_scale": 0}, "time": 1401405781, "salt": "Likert", "event": "exposure"}
{"inputs": {"userid": "7a0f5e6d-e86b-4697-bf74-37021e9e5be0"}, "name": "Likert", "checksum": "f9dfb298", "params": {"reversed_scale": 0}, "time": 1401407827, "salt": "Likert", "event": "exposure"}
{"inputs": {"userid": "7a0f5e6d-e86b-4697-bf74-37021e9e5be0"}, "name": "Likert", "checksum": "f9dfb298", "params": {"reversed_scale": 0}, "time": 1401408132, "salt": "Likert", "event": "exposure"}
{"inputs": {"userid": "7a0f5e6d-e86b-4697-bf74-37021e9e5be0"}, "name": "Likert", "checksum": "f9dfb298", "params": {"reversed_scale": 0}, "time": 1401408148, "salt": "Likert", "event": "exposure"}
{"inputs": {"userid": "7a0f5e6d-e86b-4697-bf74-37021e9e5be0"}, "name": "Likert", "checksum": "f9dfb298", "params": {"reversed_scale": 0}, "time": 1401408152, "extra_data": {"resp": 2}, "salt": "Likert", "event": "response"}
{"inputs": {"userid": "7a0f5e6d-e86b-4697-bf74-37021e9e5be0"}, "name": "Likert", "checksum": "f9dfb298", "params": {"reversed_scale": 0}, "time": 1401408157, "salt": "Likert", "event": "exposure"}
{"inputs": {"userid": "7a0f5e6d-e86b-4697-bf74-37021e9e5be0"}, "name": "Likert", "checksum": "f9dfb298", "params": {"reversed_scale": 0}, "time": 1401408177, "salt": "Likert", "event": "exposure"}
{"inputs": {"userid": "7a0f5e6d-e86b-4697-bf74-37021e9e5be0"}, "name": "Likert", "checksum": "f9dfb298", "params": {"reversed_scale": 0}, "time": 1401408187, "salt": "Likert", "event": "exposure"}
{"inputs": {"userid": "7a0f5e6d-e86b-4697-bf74-37021e9e5be0"}, "name": "Likert", "checksum": "f9dfb298", "params": {"reversed_scale": 0}, "time": 1401408234, "salt": "Likert", "event": "exposure"}
{"inputs": {"userid": "7a0f5e6d-e86b-4697-bf74-37021e9e5be0"}, "name": "Likert", "checksum": "f9dfb298", "params": {"reversed_scale": 0}, "time": 1401408236, "salt": "Likert", "event": "exposure"}
{"inputs": {"userid": "7a0f5e6d-e86b-4697-bf74-37021e9e5be0"}, "name": "Likert", "checksum": "f9dfb298", "params": {"reversed_scale": 0}, "time": 1401408244, "salt": "Likert", "event": "exposure"}
{"inputs": {"userid": "7a0f5e6d-e86b-4697-bf74-37021e9e5be0"}, "name": "Likert", "checksum": "f9dfb298", "params": {"reversed_scale": 0}, "time": 1401408247, "extra_data": {"resp": null}, "salt": "Likert", "event": "response"}
{"inputs": {"userid": "7a0f5e6d-e86b-4697-bf74-37021e9e5be0"}, "name": "Likert", "checksum": "f9dfb298", "params": {"reversed_scale": 0}, "time": 1401408247, "salt": "Likert", "event": "exposure"}
{"inputs": {"userid": "7a0f5e6d-e86b-4697-bf74-37021e9e5be0"}, "name": "Likert", "checksum": "f9dfb298", "params": {"reversed_scale": 0}, "time": 1401408248, "extra_data": {"resp": null}, "salt": "Likert", "event": "response"}
{"inputs": {"userid": "7a0f5e6d-e86b-4697-bf74-37021e9e5be0"}, "name": "Likert", "checksum": "f9dfb298", "params": {"reversed_scale": 0}, "time": 1401408248, "salt": "Likert", "event": "exposure"}
{"inputs": {"userid": "7a0f5e6d-e86b-4697-bf74-37021e9e5be0"}, "name": "Likert", "checksum": "f9dfb298", "params": {"reversed_scale": 0}, "time": 1401408251, "extra_data": {"resp": 1}, "salt": "Likert", "event": "response"}
{"inputs": {"userid": "7a0f5e6d-e86b-4697-bf74-37021e9e5be0"}, "name": "Likert", "checksum": "f9dfb298", "params": {"reversed_scale": 0}, "time": 1401408257, "salt": "Likert", "event": "exposure"}
{"inputs": {"userid": "7a0f5e6d-e86b-4697-bf74-37021e9e5be0"}, "name": "Likert", "checksum": "f9dfb298", "params": {"reversed_scale": 0}, "time": 1401408262, "extra_data": {"resp": 2}, "salt": "Likert", "event": "response"}
{"inputs": {"userid": "69580951-44c7-4ce9-b1d1-e22342ecd1b3"}, "name": "Likert", "checksum": "f9dfb298", "params": {"reversed_scale": 1}, "time": 1401590886, "salt": "Likert", "event": "exposure"}
{"inputs": {"userid": "69580951-44c7-4ce9-b1d1-e22342ecd1b3"}, "name": "Likert", "checksum": "f9dfb298", "params": {"reversed_scale": 1}, "time": 1401590888, "extra_data": {"resp": 1}, "salt": "Likert", "event": "response"}
{"inputs": {"userid": "e4456ae6-724e-4c62-9ba5-6d031468704b"}, "name": "Likert", "checksum": "f9dfb298", "params": {"reversed_scale": 1}, "time": 1401624587, "salt": "Likert", "event": "exposure"}
{"inputs": {"userid": "e4456ae6-724e-4c62-9ba5-6d031468704b"}, "name": "Likert", "checksum": "f9dfb298", "params": {"reversed_scale": 1}, "time": 1401624655, "salt": "Likert", "event": "exposure"}
{"inputs": {"userid": "e4456ae6-724e-4c62-9ba5-6d031468704b"}, "name": "Likert", "checksum": "f9dfb298", "params": {"reversed_scale": 1}, "time": 1401624659, "salt": "Likert", "event": "exposure"}
{"inputs": {"userid": "e4456ae6-724e-4c62-9ba5-6d031468704b"}, "name": "Likert", "checksum": "f9dfb298", "params": {"reversed_scale": 1}, "time": 1401624662, "extra_data": {"resp": 2}, "salt": "Likert", "event": "response"}
{"inputs": {"userid": "3d714c0d-fb3d-4da9-933b-4c188c5208cf"}, "name": "Likert", "checksum": "f9dfb298", "params": {"reversed_scale": 1}, "time": 1401630737, "salt": "Likert", "event": "exposure"}
{"inputs": {"userid": "cf544a69-58fe-4146-9acb-01ec4a70554b"}, "name": "Likert", "checksum": "f9dfb298", "params": {"reversed_scale": 1}, "time": 1401634281, "salt": "Likert", "event": "exposure"}
{"inputs": {"userid": "cf544a69-58fe-4146-9acb-01ec4a70554b"}, "name": "Likert", "checksum": "f9dfb298", "params": {"reversed_scale": 1}, "time": 1401634287, "extra_data": {"resp": 3}, "salt": "Likert", "event": "response"}
{"inputs": {"userid": "19cc9c96-e720-4306-8848-c717d70872ea"}, "name": "Likert", "checksum": "f9dfb298", "params": {"reversed_scale": 0}, "time": 1401634290, "salt": "Likert", "event": "exposure"}
{"inputs": {"userid": "19cc9c96-e720-4306-8848-c717d70872ea"}, "name": "Likert", "checksum": "f9dfb298", "params": {"reversed_scale": 0}, "time": 1401634299, "extra_data": {"resp": 1}, "salt": "Likert", "event": "response"}
{"inputs": {"userid": "95424108-6f64-445c-80c8-cdd36f010dcb"}, "name": "Likert", "checksum": "f9dfb298", "params": {"reversed_scale": 0}, "time": 1401634300, "salt": "Likert", "event": "exposure"}
{"inputs": {"userid": "b99741aa-a352-476e-8f3a-c37725d887a5"}, "name": "Likert", "checksum": "f9dfb298", "params": {"reversed_scale": 0}, "time": 1401634302, "salt": "Likert", "event": "exposure"}
{"inputs": {"userid": "b99741aa-a352-476e-8f3a-c37725d887a5"}, "name": "Likert", "checksum": "f9dfb298", "params": {"reversed_scale": 0}, "time": 1401634306, "extra_data": {"resp": 2}, "salt": "Likert", "event": "response"}
{"inputs": {"userid": "95424108-6f64-445c-80c8-cdd36f010dcb"}, "name": "Likert", "checksum": "f9dfb298", "params": {"reversed_scale": 0}, "time": 1401634311, "extra_data": {"resp": 2}, "salt": "Likert", "event": "response"}
{"inputs": {"userid": "ebace447-d077-440c-a295-af7ab285229c"}, "name": "Likert", "checksum": "f9dfb298", "params": {"reversed_scale": 0}, "time": 1401634327, "salt": "Likert", "event": "exposure"}
{"inputs": {"userid": "ebace447-d077-440c-a295-af7ab285229c"}, "name": "Likert", "checksum": "f9dfb298", "params": {"reversed_scale": 0}, "time": 1401634335, "extra_data": {"resp": 2}, "salt": "Likert", "event": "response"}
{"inputs": {"userid": "a6ddc2b9-5236-4ace-a431-788659e0a06a"}, "name": "Likert", "checksum": "f9dfb298", "params": {"reversed_scale": 0}, "time": 1401634341, "salt": "Likert", "event": "exposure"}
{"inputs": {"userid": "deaac2c2-0c1e-4943-9756-d3b4e27f3673"}, "name": "Likert", "checksum": "f9dfb298", "params": {"reversed_scale": 1}, "time": 1401634343, "salt": "Likert", "event": "exposure"}
{"inputs": {"userid": "fb53f7a2-283b-43ca-91f2-c42b3cbb4065"}, "name": "Likert", "checksum": "f9dfb298", "params": {"reversed_scale": 0}, "time": 1401634344, "salt": "Likert", "event": "exposure"}
{"inputs": {"userid": "a6ddc2b9-5236-4ace-a431-788659e0a06a"}, "name": "Likert", "checksum": "f9dfb298", "params": {"reversed_scale": 0}, "time": 1401634346, "extra_data": {"resp": 2}, "salt": "Likert", "event": "response"}
{"inputs": {"userid": "c5bdaa79-9a63-492d-bc95-131e76371d0f"}, "name": "Likert", "checksum": "f9dfb298", "params": {"reversed_scale": 0}, "time": 1401634347, "salt": "Likert", "event": "exposure"}
{"inputs": {"userid": "c5bdaa79-9a63-492d-bc95-131e76371d0f"}, "name": "Likert", "checksum": "f9dfb298", "params": {"reversed_scale": 0}, "time": 1401634352, "extra_data": {"resp": 3}, "salt": "Likert", "event": "response"}
{"inputs": {"userid": "fb53f7a2-283b-43ca-91f2-c42b3cbb4065"}, "name": "Likert", "checksum": "f9dfb298", "params": {"reversed_scale": 0}, "time": 1401634353, "extra_data": {"resp": 3}, "salt": "Likert", "event": "response"}
{"inputs": {"userid": "2089741d-deb1-4466-858a-eea861789685"}, "name": "Likert", "checksum": "f9dfb298", "params": {"reversed_scale": 1}, "time": 1401634357, "salt": "Likert", "event": "exposure"}
{"inputs": {"userid": "e8dda646-6be8-4284-92a6-4c2db8de03e8"}, "name": "Likert", "checksum": "f9dfb298", "params": {"reversed_scale": 1}, "time": 1401634358, "salt": "Likert", "event": "exposure"}
{"inputs": {"userid": "767cc683-0597-4e47-924d-86efb75b5c79"}, "name": "Likert", "checksum": "f9dfb298", "params": {"reversed_scale": 1}, "time": 1401634358, "salt": "Likert", "event": "exposure"}
{"inputs": {"userid": "deaac2c2-0c1e-4943-9756-d3b4e27f3673"}, "name": "Likert", "checksum": "f9dfb298", "params": {"reversed_scale": 1}, "time": 1401634358, "extra_data": {"resp": 3}, "salt": "Likert", "event": "response"}
{"inputs": {"userid": "fe4b41cd-a528-4540-ac88-3b6891a6b855"}, "name": "Likert", "checksum": "f9dfb298", "params": {"reversed_scale": 0}, "time": 1401634359, "salt": "Likert", "event": "exposure"}
{"inputs": {"userid": "2089741d-deb1-4466-858a-eea861789685"}, "name": "Likert", "checksum": "f9dfb298", "params": {"reversed_scale": 1}, "time": 1401634361, "extra_data": {"resp": 4}, "salt": "Likert", "event": "response"}
{"inputs": {"userid": "e8dda646-6be8-4284-92a6-4c2db8de03e8"}, "name": "Likert", "checksum": "f9dfb298", "params": {"reversed_scale": 1}, "time": 1401634365, "extra_data": {"resp": 2}, "salt": "Likert", "event": "response"}
{"inputs": {"userid": "fe4b41cd-a528-4540-ac88-3b6891a6b855"}, "name": "Likert", "checksum": "f9dfb298", "params": {"reversed_scale": 0}, "time": 1401634365, "extra_data": {"resp": 2}, "salt": "Likert", "event": "response"}
{"inputs": {"userid": "46d92960-d17c-4af8-83ae-389cd8e4cc34"}, "name": "Likert", "checksum": "f9dfb298", "params": {"reversed_scale": 0}, "time": 1401634366, "salt": "Likert", "event": "exposure"}
{"inputs": {"userid": "767cc683-0597-4e47-924d-86efb75b5c79"}, "name": "Likert", "checksum": "f9dfb298", "params": {"reversed_scale": 1}, "time": 1401634368, "extra_data": {"resp": 2}, "salt": "Likert", "event": "response"}
{"inputs": {"userid": "a98dfe52-a21a-46d6-8451-f6a7a7dba9b5"}, "name": "Likert", "checksum": "f9dfb298", "params": {"reversed_scale": 1}, "time": 1401634371, "salt": "Likert", "event": "exposure"}
{"inputs": {"userid": "46d92960-d17c-4af8-83ae-389cd8e4cc34"}, "name": "Likert", "checksum": "f9dfb298", "params": {"reversed_scale": 0}, "time": 1401634372, "extra_data": {"resp": 3}, "salt": "Likert", "event": "response"}
{"inputs": {"userid": "7d2f16da-7f83-4673-a372-62dd61eada7d"}, "name": "Likert", "checksum": "f9dfb298", "params": {"reversed_scale": 1}, "time": 1401634374, "salt": "Likert", "event": "exposure"}
{"inputs": {"userid": "a98dfe52-a21a-46d6-8451-f6a7a7dba9b5"}, "name": "Likert", "checksum": "f9dfb298", "params": {"reversed_scale": 1}, "time": 1401634376, "extra_data": {"resp": 3}, "salt": "Likert", "event": "response"}
{"inputs": {"userid": "b3188ee4-981a-4b25-a075-688357b892cd"}, "name": "Likert", "checksum": "f9dfb298", "params": {"reversed_scale": 1}, "time": 1401634377, "salt": "Likert", "event": "exposure"}
{"inputs": {"userid": "a87a9d41-c884-4e20-af08-0dbeceec7dc2"}, "name": "Likert", "checksum": "f9dfb298", "params": {"reversed_scale": 0}, "time": 1401634378, "salt": "Likert", "event": "exposure"}
{"inputs": {"userid": "7d2f16da-7f83-4673-a372-62dd61eada7d"}, "name": "Likert", "checksum": "f9dfb298", "params": {"reversed_scale": 1}, "time": 1401634378, "extra_data": {"resp": 3}, "salt": "Likert", "event": "response"}
{"inputs": {"userid": "a87a9d41-c884-4e20-af08-0dbeceec7dc2"}, "name": "Likert", "checksum": "f9dfb298", "params": {"reversed_scale": 0}, "time": 1401634381, "extra_data": {"resp": 2}, "salt": "Likert", "event": "response"}
{"inputs": {"userid": "b3188ee4-981a-4b25-a075-688357b892cd"}, "name": "Likert", "checksum": "f9dfb298", "params": {"reversed_scale": 1}, "time": 1401634382, "extra_data": {"resp": 3}, "salt": "Likert", "event": "response"}
{"inputs": {"userid": "066c7bae-cff5-4880-ba1a-558144238471"}, "name": "Likert", "checksum": "f9dfb298", "params": {"reversed_scale": 0}, "time": 1401634392, "salt": "Likert", "event": "exposure"}
{"inputs": {"userid": "066c7bae-cff5-4880-ba1a-558144238471"}, "name": "Likert", "checksum": "f9dfb298", "params": {"reversed_scale": 0}, "time": 1401634398, "extra_data": {"resp": 3}, "salt": "Likert", "event": "response"}
{"inputs": {"userid": "832129d5-2c61-43e3-933b-1944fa95e2e0"}, "name": "Likert", "checksum": "f9dfb298", "params": {"reversed_scale": 0}, "time": 1401634400, "salt": "Likert", "event": "exposure"}
{"inputs": {"userid": "68043d24-1ba6-4df0-91eb-db6f9bae65a2"}, "name": "Likert", "checksum": "f9dfb298", "params": {"reversed_scale": 1}, "time": 1401634404, "salt": "Likert", "event": "exposure"}
{"inputs": {"userid": "832129d5-2c61-43e3-933b-1944fa95e2e0"}, "name": "Likert", "checksum": "f9dfb298", "params": {"reversed_scale": 0}, "time": 1401634407, "extra_data": {"resp": 2}, "salt": "Likert", "event": "response"}
{"inputs": {"userid": "3e1133a1-b5f1-4d0d-ac51-312d58a10d7d"}, "name": "Likert", "checksum": "f9dfb298", "params": {"reversed_scale": 0}, "time": 1401634409, "salt": "Likert", "event": "exposure"}
{"inputs": {"userid": "7d40c229-8575-4a5a-a174-28cba8e0d38a"}, "name": "Likert", "checksum": "f9dfb298", "params": {"reversed_scale": 1}, "time": 1401634409, "salt": "Likert", "event": "exposure"}
{"inputs": {"userid": "68043d24-1ba6-4df0-91eb-db6f9bae65a2"}, "name": "Likert", "checksum": "f9dfb298", "params": {"reversed_scale": 1}, "time": 1401634409, "extra_data": {"resp": 4}, "salt": "Likert", "event": "response"}
{"inputs": {"userid": "e3ab9a45-add8-49a7-918c-f353a60d2b6c"}, "name": "Likert", "checksum": "f9dfb298", "params": {"reversed_scale": 1}, "time": 1401634411, "salt": "Likert", "event": "exposure"}
{"inputs": {"userid": "3e1133a1-b5f1-4d0d-ac51-312d58a10d7d"}, "name": "Likert", "checksum": "f9dfb298", "params": {"reversed_scale": 0}, "time": 1401634417, "extra_data": {"resp": 3}, "salt": "Likert", "event": "response"}
{"inputs": {"userid": "65b095a7-698f-4053-b68e-9036769e58c5"}, "name": "Likert", "checksum": "f9dfb298", "params": {"reversed_scale": 1}, "time": 1401634417, "salt": "Likert", "event": "exposure"}
{"inputs": {"userid": "9bd076aa-5741-41e9-84f9-a0b3bf7870fe"}, "name": "Likert", "checksum": "f9dfb298", "params": {"reversed_scale": 1}, "time": 1401634417, "salt": "Likert", "event": "exposure"}
{"inputs": {"userid": "7d40c229-8575-4a5a-a174-28cba8e0d38a"}, "name": "Likert", "checksum": "f9dfb298", "params": {"reversed_scale": 1}, "time": 1401634418, "extra_data": {"resp": 3}, "salt": "Likert", "event": "response"}
{"inputs": {"userid": "e3ab9a45-add8-49a7-918c-f353a60d2b6c"}, "name": "Likert", "checksum": "f9dfb298", "params": {"reversed_scale": 1}, "time": 1401634419, "extra_data": {"resp": 3}, "salt": "Likert", "event": "response"}
{"inputs": {"userid": "65b095a7-698f-4053-b68e-9036769e58c5"}, "name": "Likert", "checksum": "f9dfb298", "params": {"reversed_scale": 1}, "time": 1401634424, "extra_data": {"resp": 4}, "salt": "Likert", "event": "response"}
{"inputs": {"userid": "9bd076aa-5741-41e9-84f9-a0b3bf7870fe"}, "name": "Likert", "checksum": "f9dfb298", "params": {"reversed_scale": 1}, "time": 1401634426, "extra_data": {"resp": 2}, "salt": "Likert", "event": "response"}
{"inputs": {"userid": "800e131f-c142-41a6-ad16-87f8db953117"}, "name": "Likert", "checksum": "f9dfb298", "params": {"reversed_scale": 0}, "time": 1401634436, "salt": "Likert", "event": "exposure"}
{"inputs": {"userid": "800e131f-c142-41a6-ad16-87f8db953117"}, "name": "Likert", "checksum": "f9dfb298", "params": {"reversed_scale": 0}, "time": 1401634443, "extra_data": {"resp": 3}, "salt": "Likert", "event": "response"}
{"inputs": {"userid": "52e880ca-945e-470f-aff7-a443ca0a2857"}, "name": "Likert", "checksum": "f9dfb298", "params": {"reversed_scale": 0}, "time": 1401634457, "salt": "Likert", "event": "exposure"}
{"inputs": {"userid": "52e880ca-945e-470f-aff7-a443ca0a2857"}, "name": "Likert", "checksum": "f9dfb298", "params": {"reversed_scale": 0}, "time": 1401634467, "extra_data": {"resp": 3}, "salt": "Likert", "event": "response"}
{"inputs": {"userid": "02856bc4-00c6-49a3-a3f1-3c43b7293551"}, "name": "Likert", "checksum": "f9dfb298", "params": {"reversed_scale": 0}, "time": 1401634515, "salt": "Likert", "event": "exposure"}
{"inputs": {"userid": "2d846069-2c8e-4b4a-a3ff-9fb7bdd48a25"}, "name": "Likert", "checksum": "f9dfb298", "params": {"reversed_scale": 1}, "time": 1401634582, "salt": "Likert", "event": "exposure"}
{"inputs": {"userid": "2d846069-2c8e-4b4a-a3ff-9fb7bdd48a25"}, "name": "Likert", "checksum": "f9dfb298", "params": {"reversed_scale": 1}, "time": 1401634592, "extra_data": {"resp": 2}, "salt": "Likert", "event": "response"}
{"inputs": {"userid": "4188d5d0-5149-4bd2-8daf-4fb396bdcfd1"}, "name": "Likert", "checksum": "f9dfb298", "params": {"reversed_scale": 1}, "time": 1401634886, "salt": "Likert", "event": "exposure"}
{"inputs": {"userid": "4188d5d0-5149-4bd2-8daf-4fb396bdcfd1"}, "name": "Likert", "checksum": "f9dfb298", "params": {"reversed_scale": 1}, "time": 1401634892, "extra_data": {"resp": 1}, "salt": "Likert", "event": "response"}
{"inputs": {"userid": "61af977f-af9a-4b2a-9328-fb5c5cd24777"}, "name": "Likert", "checksum": "f9dfb298", "params": {"reversed_scale": 1}, "time": 1401635023, "salt": "Likert", "event": "exposure"}
{"inputs": {"userid": "aebe345e-ba7e-499b-9f39-adcc47dd12bc"}, "name": "Likert", "checksum": "f9dfb298", "params": {"reversed_scale": 1}, "time": 1401635482, "salt": "Likert", "event": "exposure"}
{"inputs": {"userid": "96eb7ad7-2576-42d7-a752-8de5b39950f4"}, "name": "Likert", "checksum": "f9dfb298", "params": {"reversed_scale": 1}, "time": 1401635518, "salt": "Likert", "event": "exposure"}
{"inputs": {"userid": "96eb7ad7-2576-42d7-a752-8de5b39950f4"}, "name": "Likert", "checksum": "f9dfb298", "params": {"reversed_scale": 1}, "time": 1401635522, "extra_data": {"resp": 4}, "salt": "Likert", "event": "response"}
{"inputs": {"userid": "50fd294e-613e-453c-a61b-456693888c57"}, "name": "Likert", "checksum": "f9dfb298", "params": {"reversed_scale": 0}, "time": 1401636897, "salt": "Likert", "event": "exposure"}
{"inputs": {"userid": "77a66132-d0f1-40e7-a797-a94c5e8eff5d"}, "name": "Likert", "checksum": "f9dfb298", "params": {"reversed_scale": 0}, "time": 1401637046, "salt": "Likert", "event": "exposure"}
{"inputs": {"userid": "77a66132-d0f1-40e7-a797-a94c5e8eff5d"}, "name": "Likert", "checksum": "f9dfb298", "params": {"reversed_scale": 0}, "time": 1401637052, "extra_data": {"resp": 3}, "salt": "Likert", "event": "response"}
{"inputs": {"userid": "2a192328-7c8d-4269-a275-ee5c763b9a0c"}, "name": "Likert", "checksum": "f9dfb298", "params": {"reversed_scale": 1}, "time": 1401637143, "salt": "Likert", "event": "exposure"}
{"inputs": {"userid": "2a192328-7c8d-4269-a275-ee5c763b9a0c"}, "name": "Likert", "checksum": "f9dfb298", "params": {"reversed_scale": 1}, "time": 1401637154, "extra_data": {"resp": 2}, "salt": "Likert", "event": "response"}
{"inputs": {"userid": "a2d89acc-7ab1-452d-a4a3-7192beead60c"}, "name": "Likert", "checksum": "f9dfb298", "params": {"reversed_scale": 1}, "time": 1401637329, "salt": "Likert", "event": "exposure"}
{"inputs": {"userid": "a2d89acc-7ab1-452d-a4a3-7192beead60c"}, "name": "Likert", "checksum": "f9dfb298", "params": {"reversed_scale": 1}, "time": 1401637337, "extra_data": {"resp": 3}, "salt": "Likert", "event": "response"}
{"inputs": {"userid": "8d1eb3f8-5506-4740-9585-25efa47f3906"}, "name": "Likert", "checksum": "f9dfb298", "params": {"reversed_scale": 0}, "time": 1401638599, "salt": "Likert", "event": "exposure"}
{"inputs": {"userid": "8d1eb3f8-5506-4740-9585-25efa47f3906"}, "name": "Likert", "checksum": "f9dfb298", "params": {"reversed_scale": 0}, "time": 1401638611, "extra_data": {"resp": 3}, "salt": "Likert", "event": "response"}
{"inputs": {"userid": "5fd6ded5-434c-475e-8632-c3cbf69f793c"}, "name": "Likert", "checksum": "f9dfb298", "params": {"reversed_scale": 0}, "time": 1401641202, "salt": "Likert", "event": "exposure"}
{"inputs": {"userid": "5fd6ded5-434c-475e-8632-c3cbf69f793c"}, "name": "Likert", "checksum": "f9dfb298", "params": {"reversed_scale": 0}, "time": 1401641207, "extra_data": {"resp": 3}, "salt": "Likert", "event": "response"}
{"inputs": {"userid": "5d72b5d9-6dc0-47e9-b3b7-54920672dcdd"}, "name": "Likert", "checksum": "f9dfb298", "params": {"reversed_scale": 1}, "time": 1401641848, "salt": "Likert", "event": "exposure"}
{"inputs": {"userid": "5d72b5d9-6dc0-47e9-b3b7-54920672dcdd"}, "name": "Likert", "checksum": "f9dfb298", "params": {"reversed_scale": 1}, "time": 1401641856, "extra_data": {"resp": 3}, "salt": "Likert", "event": "response"}
{"inputs": {"userid": "75c74a80-00b3-4653-818f-d19f2c80cddb"}, "name": "Likert", "checksum": "f9dfb298", "params": {"reversed_scale": 1}, "time": 1401643721, "salt": "Likert", "event": "exposure"}
{"inputs": {"userid": "75c74a80-00b3-4653-818f-d19f2c80cddb"}, "name": "Likert", "checksum": "f9dfb298", "params": {"reversed_scale": 1}, "time": 1401643731, "extra_data": {"resp": 0}, "salt": "Likert", "event": "response"}
{"inputs": {"userid": "4415e0b3-5f5b-4b00-bc44-a2ee8cbc2ff0"}, "name": "Likert", "checksum": "f9dfb298", "params": {"reversed_scale": 1}, "time": 1401652099, "salt": "Likert", "event": "exposure"}
{"inputs": {"userid": "4415e0b3-5f5b-4b00-bc44-a2ee8cbc2ff0"}, "name": "Likert", "checksum": "f9dfb298", "params": {"reversed_scale": 1}, "time": 1401652104, "extra_data": {"resp": 4}, "salt": "Likert", "event": "response"}
{"inputs": {"userid": "cb854ec3-7bd4-4eff-9f08-83713d091e34"}, "name": "Likert", "checksum": "f9dfb298", "params": {"reversed_scale": 0}, "time": 1401675577, "salt": "Likert", "event": "exposure"}
{"inputs": {"userid": "6a31ae35-4d0a-4496-83e1-81c266287769"}, "name": "Likert", "checksum": "f9dfb298", "params": {"reversed_scale": 1}, "time": 1401677379, "salt": "Likert", "event": "exposure"}
{"inputs": {"userid": "f4b41dbf-00c6-4f0e-a11d-8feca9ee3a23"}, "name": "Likert", "checksum": "f9dfb298", "params": {"reversed_scale": 1}, "time": 1401682358, "salt": "Likert", "event": "exposure"}
{"inputs": {"userid": "f4b41dbf-00c6-4f0e-a11d-8feca9ee3a23"}, "name": "Likert", "checksum": "f9dfb298", "params": {"reversed_scale": 1}, "time": 1401682363, "extra_data": {"resp": 1}, "salt": "Likert", "event": "response"}
{"inputs": {"userid": "713d4b3b-b606-4895-9855-1ee999bf3219"}, "name": "Likert", "checksum": "f9dfb298", "params": {"reversed_scale": 0}, "time": 1401685716, "salt": "Likert", "event": "exposure"}
{"inputs": {"userid": "626a3391-a815-4537-83cd-f227bdb52c5d"}, "name": "Likert", "checksum": "f9dfb298", "params": {"reversed_scale": 1}, "time": 1401685718, "salt": "Likert", "event": "exposure"}
{"inputs": {"userid": "8a7f2bdb-c945-4e05-b512-2973cf07350a"}, "name": "Likert", "checksum": "f9dfb298", "params": {"reversed_scale": 1}, "time": 1401685718, "salt": "Likert", "event": "exposure"}
{"inputs": {"userid": "3dabcb34-6ff1-4f47-a0c4-6df58a72d5bc"}, "name": "Likert", "checksum": "f9dfb298", "params": {"reversed_scale": 0}, "time": 1401690036, "salt": "Likert", "event": "exposure"}
{"inputs": {"userid": "3dabcb34-6ff1-4f47-a0c4-6df58a72d5bc"}, "name": "Likert", "checksum": "f9dfb298", "params": {"reversed_scale": 0}, "time": 1401690042, "extra_data": {"resp": 3}, "salt": "Likert", "event": "response"}
{"inputs": {"userid": "960dd307-7e10-44c1-a28d-47ec49177ef8"}, "name": "Likert", "checksum": "f9dfb298", "params": {"reversed_scale": 0}, "time": 1431940772, "salt": "Likert", "event": "exposure"}
{"inputs": {"userid": "9e1bbe5f-7e97-44e1-82ac-c387eb4dea87"}, "name": "Likert", "checksum": "f9dfb298", "params": {"reversed_scale": 1}, "time": 1431940865, "salt": "Likert", "event": "exposure"}
{"inputs": {"userid": "9e1bbe5f-7e97-44e1-82ac-c387eb4dea87"}, "name": "Likert", "checksum": "f9dfb298", "params": {"reversed_scale": 1}, "time": 1431940871, "extra_data": {"resp": 4}, "salt": "Likert", "event": "response"}
{"inputs": {"userid": "fb472d88-e334-4990-94fa-af92ebfbfd30"}, "name": "Likert", "checksum": "f9dfb298", "params": {"reversed_scale": 0}, "time": 1431940953, "salt": "Likert", "event": "exposure"}
{"inputs": {"userid": "fb472d88-e334-4990-94fa-af92ebfbfd30"}, "name": "Likert", "checksum": "f9dfb298", "params": {"reversed_scale": 0}, "time": 1431940956, "extra_data": {"resp": 2}, "salt": "Likert", "event": "response"}
{"inputs": {"userid": "f25c2c5d-765d-4393-aeac-4479d78f42a0"}, "name": "Likert", "checksum": "f9dfb298", "params": {"reversed_scale": 1}, "time": 1431940958, "salt": "Likert", "event": "exposure"}
{"inputs": {"userid": "f25c2c5d-765d-4393-aeac-4479d78f42a0"}, "name": "Likert", "checksum": "f9dfb298", "params": {"reversed_scale": 1}, "time": 1431940960, "extra_data": {"resp": 3}, "salt": "Likert", "event": "response"}
{"inputs": {"userid": "70985b48-38a2-4a8f-9a50-4a394647431f"}, "name": "Likert", "checksum": "f9dfb298", "params": {"reversed_scale": 0}, "time": 1431941117, "salt": "Likert", "event": "exposure"}
{"inputs": {"userid": "70985b48-38a2-4a8f-9a50-4a394647431f"}, "name": "Likert", "checksum": "f9dfb298", "params": {"reversed_scale": 0}, "time": 1431941122, "extra_data": {"resp": 2}, "salt": "Likert", "event": "response"}
{"inputs": {"userid": "1a5f1858-923a-4dde-b66d-8a5804e5ab1f"}, "name": "Likert", "checksum": "f9dfb298", "params": {"reversed_scale": 0}, "time": 1431941238, "salt": "Likert", "event": "exposure"}
{"inputs": {"userid": "1a5f1858-923a-4dde-b66d-8a5804e5ab1f"}, "name": "Likert", "checksum": "f9dfb298", "params": {"reversed_scale": 0}, "time": 1431941241, "extra_data": {"resp": 4}, "salt": "Likert", "event": "response"}
{"inputs": {"userid": "8ee51f52-51a6-41b2-863e-c959539d84f6"}, "name": "Likert", "checksum": "f9dfb298", "params": {"reversed_scale": 0}, "time": 1431941827, "salt": "Likert", "event": "exposure"}
{"inputs": {"userid": "8ee51f52-51a6-41b2-863e-c959539d84f6"}, "name": "Likert", "checksum": "f9dfb298", "params": {"reversed_scale": 0}, "time": 1431941833, "extra_data": {"resp": 3}, "salt": "Likert", "event": "response"}
{"inputs": {"userid": "5100752d-2a4d-4c57-988e-37110d45adb3"}, "name": "Likert", "checksum": "f9dfb298", "params": {"reversed_scale": 1}, "time": 1431944090, "salt": "Likert", "event": "exposure"}
{"inputs": {"userid": "5100752d-2a4d-4c57-988e-37110d45adb3"}, "name": "Likert", "checksum": "f9dfb298", "params": {"reversed_scale": 1}, "time": 1431944093, "extra_data": {"resp": 2}, "salt": "Likert", "event": "response"}
{"inputs": {"userid": "738e2a74-21ca-437f-a552-2e4488820623"}, "name": "Likert", "checksum": "f9dfb298", "params": {"reversed_scale": 1}, "time": 1431944216, "salt": "Likert", "event": "exposure"}
{"inputs": {"userid": "738e2a74-21ca-437f-a552-2e4488820623"}, "name": "Likert", "checksum": "f9dfb298", "params": {"reversed_scale": 1}, "time": 1431944221, "extra_data": {"resp": 2}, "salt": "Likert", "event": "response"}
{"inputs": {"userid": "553445a8-da7c-4214-b9fe-a7121e9e44da"}, "name": "Likert", "checksum": "f9dfb298", "params": {"reversed_scale": 1}, "time": 1431944543, "salt": "Likert", "event": "exposure"}
{"inputs": {"userid": "553445a8-da7c-4214-b9fe-a7121e9e44da"}, "name": "Likert", "checksum": "f9dfb298", "params": {"reversed_scale": 1}, "time": 1431944550, "extra_data": {"resp": 1}, "salt": "Likert", "event": "response"}
{"inputs": {"userid": "b210804b-ce61-4527-a1bb-64184fd533c4"}, "name": "Likert", "checksum": "f9dfb298", "params": {"reversed_scale": 0}, "time": 1431944673, "salt": "Likert", "event": "exposure"}
{"inputs": {"userid": "b210804b-ce61-4527-a1bb-64184fd533c4"}, "name": "Likert", "checksum": "f9dfb298", "params": {"reversed_scale": 0}, "time": 1431944680, "salt": "Likert", "event": "exposure"}
{"inputs": {"userid": "b210804b-ce61-4527-a1bb-64184fd533c4"}, "name": "Likert", "checksum": "f9dfb298", "params": {"reversed_scale": 0}, "time": 1431944684, "extra_data": {"resp": 3}, "salt": "Likert", "event": "response"}
{"inputs": {"userid": "07e40e99-a898-44b0-9480-fa9123998767"}, "name": "Likert", "checksum": "f9dfb298", "params": {"reversed_scale": 1}, "time": 1431945475, "salt": "Likert", "event": "exposure"}
{"inputs": {"userid": "07e40e99-a898-44b0-9480-fa9123998767"}, "name": "Likert", "checksum": "f9dfb298", "params": {"reversed_scale": 1}, "time": 1431945479, "extra_data": {"resp": 3}, "salt": "Likert", "event": "response"}
{"inputs": {"userid": "5583a97e-712e-42bb-8094-c2f00ffd80c9"}, "name": "Likert", "checksum": "f9dfb298", "params": {"reversed_scale": 0}, "time": 1431945711, "salt": "Likert", "event": "exposure"}
{"inputs": {"userid": "5583a97e-712e-42bb-8094-c2f00ffd80c9"}, "name": "Likert", "checksum": "f9dfb298", "params": {"reversed_scale": 0}, "time": 1431945715, "extra_data": {"resp": 2}, "salt": "Likert", "event": "response"}
{"inputs": {"userid": "216551f9-a57f-4322-a3a3-91fbc2be843b"}, "name": "Likert", "checksum": "f9dfb298", "params": {"reversed_scale": 1}, "time": 1431945744, "salt": "Likert", "event": "exposure"}
{"inputs": {"userid": "216551f9-a57f-4322-a3a3-91fbc2be843b"}, "name": "Likert", "checksum": "f9dfb298", "params": {"reversed_scale": 1}, "time": 1431945747, "extra_data": {"resp": 4}, "salt": "Likert", "event": "response"}
{"inputs": {"userid": "e6e5a83e-7073-46e4-91da-f6d63964aabd"}, "name": "Likert", "checksum": "f9dfb298", "params": {"reversed_scale": 0}, "time": 1431945806, "salt": "Likert", "event": "exposure"}
{"inputs": {"userid": "e6e5a83e-7073-46e4-91da-f6d63964aabd"}, "name": "Likert", "checksum": "f9dfb298", "params": {"reversed_scale": 0}, "time": 1431945810, "extra_data": {"resp": 3}, "salt": "Likert", "event": "response"}
{"inputs": {"userid": "bc142ed3-718e-4c70-8676-9fa9fa2a69fc"}, "name": "Likert", "checksum": "f9dfb298", "params": {"reversed_scale": 0}, "time": 1431946041, "salt": "Likert", "event": "exposure"}
{"inputs": {"userid": "f4069024-4d15-4c33-89c7-23dcede828bc"}, "name": "Likert", "checksum": "f9dfb298", "params": {"reversed_scale": 0}, "time": 1431946041, "salt": "Likert", "event": "exposure"}
{"inputs": {"userid": "bc142ed3-718e-4c70-8676-9fa9fa2a69fc"}, "name": "Likert", "checksum": "f9dfb298", "params": {"reversed_scale": 0}, "time": 1431946044, "extra_data": {"resp": 0}, "salt": "Likert", "event": "response"}
{"inputs": {"userid": "f4069024-4d15-4c33-89c7-23dcede828bc"}, "name": "Likert", "checksum": "f9dfb298", "params": {"reversed_scale": 0}, "time": 1431946045, "extra_data": {"resp": 4}, "salt": "Likert", "event": "response"}
{"inputs": {"userid": "53ab924f-ed10-44c4-a25e-83410b908fca"}, "name": "Likert", "checksum": "f9dfb298", "params": {"reversed_scale": 0}, "time": 1431946126, "salt": "Likert", "event": "exposure"}
{"inputs": {"userid": "53ab924f-ed10-44c4-a25e-83410b908fca"}, "name": "Likert", "checksum": "f9dfb298", "params": {"reversed_scale": 0}, "time": 1431946130, "extra_data": {"resp": 2}, "salt": "Likert", "event": "response"}
{"inputs": {"userid": "849d83d1-6dc7-4782-89bf-e79dc7710d8a"}, "name": "Likert", "checksum": "f9dfb298", "params": {"reversed_scale": 1}, "time": 1431946138, "salt": "Likert", "event": "exposure"}
{"inputs": {"userid": "849d83d1-6dc7-4782-89bf-e79dc7710d8a"}, "name": "Likert", "checksum": "f9dfb298", "params": {"reversed_scale": 1}, "time": 1431946144, "extra_data": {"resp": 3}, "salt": "Likert", "event": "response"}
{"inputs": {"userid": "b6679b6a-9f8f-4fff-b9d9-5eebb592fe25"}, "name": "Likert", "checksum": "f9dfb298", "params": {"reversed_scale": 0}, "time": 1431946164, "salt": "Likert", "event": "exposure"}
{"inputs": {"userid": "b6679b6a-9f8f-4fff-b9d9-5eebb592fe25"}, "name": "Likert", "checksum": "f9dfb298", "params": {"reversed_scale": 0}, "time": 1431946168, "extra_data": {"resp": 4}, "salt": "Likert", "event": "response"}
{"inputs": {"userid": "fb871c22-f471-41e0-b3fd-5d5de699230d"}, "name": "Likert", "checksum": "f9dfb298", "params": {"reversed_scale": 0}, "time": 1431946198, "salt": "Likert", "event": "exposure"}
{"inputs": {"userid": "fb871c22-f471-41e0-b3fd-5d5de699230d"}, "name": "Likert", "checksum": "f9dfb298", "params": {"reversed_scale": 0}, "time": 1431946203, "extra_data": {"resp": 2}, "salt": "Likert", "event": "response"}
{"inputs": {"userid": "e0aaa9d0-801e-44ed-9a33-deb65c49c9da"}, "name": "Likert", "checksum": "f9dfb298", "params": {"reversed_scale": 1}, "time": 1431946204, "salt": "Likert", "event": "exposure"}
{"inputs": {"userid": "e0aaa9d0-801e-44ed-9a33-deb65c49c9da"}, "name": "Likert", "checksum": "f9dfb298", "params": {"reversed_scale": 1}, "time": 1431946209, "extra_data": {"resp": 1}, "salt": "Likert", "event": "response"}
{"inputs": {"userid": "6b3931b0-4e85-4ce6-953d-307ebbc57590"}, "name": "Likert", "checksum": "f9dfb298", "params": {"reversed_scale": 0}, "time": 1431946235, "salt": "Likert", "event": "exposure"}
{"inputs": {"userid": "6b3931b0-4e85-4ce6-953d-307ebbc57590"}, "name": "Likert", "checksum": "f9dfb298", "params": {"reversed_scale": 0}, "time": 1431946239, "extra_data": {"resp": 3}, "salt": "Likert", "event": "response"}
{"inputs": {"userid": "e3c105ad-0d70-4924-a6f3-74af292ca513"}, "name": "Likert", "checksum": "f9dfb298", "params": {"reversed_scale": 0}, "time": 1431946416, "salt": "Likert", "event": "exposure"}
{"inputs": {"userid": "e3c105ad-0d70-4924-a6f3-74af292ca513"}, "name": "Likert", "checksum": "f9dfb298", "params": {"reversed_scale": 0}, "time": 1431946419, "extra_data": {"resp": 3}, "salt": "Likert", "event": "response"}
{"inputs": {"userid": "38ab3163-dfb4-498e-af16-a2032a748d9c"}, "name": "Likert", "checksum": "f9dfb298", "params": {"reversed_scale": 0}, "time": 1431946479, "salt": "Likert", "event": "exposure"}
{"inputs": {"userid": "38ab3163-dfb4-498e-af16-a2032a748d9c"}, "name": "Likert", "checksum": "f9dfb298", "params": {"reversed_scale": 0}, "time": 1431946481, "extra_data": {"resp": 3}, "salt": "Likert", "event": "response"}
{"inputs": {"userid": "9c76eb59-d4fb-47c8-9981-becdda3da5e6"}, "name": "Likert", "checksum": "f9dfb298", "params": {"reversed_scale": 1}, "time": 1431946616, "salt": "Likert", "event": "exposure"}
{"inputs": {"userid": "9c76eb59-d4fb-47c8-9981-becdda3da5e6"}, "name": "Likert", "checksum": "f9dfb298", "params": {"reversed_scale": 1}, "time": 1431946620, "extra_data": {"resp": 3}, "salt": "Likert", "event": "response"}
{"inputs": {"userid": "cb6a9bdb-82dc-4b6e-b29a-f7be556dd1eb"}, "name": "Likert", "checksum": "f9dfb298", "params": {"reversed_scale": 0}, "time": 1431946755, "salt": "Likert", "event": "exposure"}
{"inputs": {"userid": "cb6a9bdb-82dc-4b6e-b29a-f7be556dd1eb"}, "name": "Likert", "checksum": "f9dfb298", "params": {"reversed_scale": 0}, "time": 1431946760, "extra_data": {"resp": 2}, "salt": "Likert", "event": "response"}
{"inputs": {"userid": "47790b49-6264-42a2-81a4-83e801c93758"}, "name": "Likert", "checksum": "f9dfb298", "params": {"reversed_scale": 1}, "time": 1431946845, "salt": "Likert", "event": "exposure"}
{"inputs": {"userid": "47790b49-6264-42a2-81a4-83e801c93758"}, "name": "Likert", "checksum": "f9dfb298", "params": {"reversed_scale": 1}, "time": 1431946850, "extra_data": {"resp": 3}, "salt": "Likert", "event": "response"}
{"inputs": {"userid": "ca2ef75c-9d23-424f-97ae-8b3700253af0"}, "name": "Likert", "checksum": "f9dfb298", "params": {"reversed_scale": 0}, "time": 1431946952, "salt": "Likert", "event": "exposure"}
{"inputs": {"userid": "ca2ef75c-9d23-424f-97ae-8b3700253af0"}, "name": "Likert", "checksum": "f9dfb298", "params": {"reversed_scale": 0}, "time": 1431946956, "extra_data": {"resp": 4}, "salt": "Likert", "event": "response"}
{"inputs": {"userid": "b5a121bb-e4bc-4747-9f19-b4762c4cebad"}, "name": "Likert", "checksum": "f9dfb298", "params": {"reversed_scale": 1}, "time": 1431946978, "salt": "Likert", "event": "exposure"}
{"inputs": {"userid": "b5a121bb-e4bc-4747-9f19-b4762c4cebad"}, "name": "Likert", "checksum": "f9dfb298", "params": {"reversed_scale": 1}, "time": 1431946981, "extra_data": {"resp": 3}, "salt": "Likert", "event": "response"}
{"inputs": {"userid": "2c4c6a0f-7a93-4bdd-a459-a710a021b6da"}, "name": "Likert", "checksum": "f9dfb298", "params": {"reversed_scale": 0}, "time": 1431947206, "salt": "Likert", "event": "exposure"}
{"inputs": {"userid": "2c4c6a0f-7a93-4bdd-a459-a710a021b6da"}, "name": "Likert", "checksum": "f9dfb298", "params": {"reversed_scale": 0}, "time": 1431947213, "extra_data": {"resp": 3}, "salt": "Likert", "event": "response"}
{"inputs": {"userid": "a58120de-6a33-4adf-89d8-9fa70c9b373b"}, "name": "Likert", "checksum": "f9dfb298", "params": {"reversed_scale": 0}, "time": 1431947448, "salt": "Likert", "event": "exposure"}
{"inputs": {"userid": "a58120de-6a33-4adf-89d8-9fa70c9b373b"}, "name": "Likert", "checksum": "f9dfb298", "params": {"reversed_scale": 0}, "time": 1431947454, "extra_data": {"resp": 3}, "salt": "Likert", "event": "response"}
{"inputs": {"userid": "8731ecd4-5216-4e0e-be68-9758db337c25"}, "name": "Likert", "checksum": "f9dfb298", "params": {"reversed_scale": 0}, "time": 1431947488, "salt": "Likert", "event": "exposure"}
{"inputs": {"userid": "8731ecd4-5216-4e0e-be68-9758db337c25"}, "name": "Likert", "checksum": "f9dfb298", "params": {"reversed_scale": 0}, "time": 1431947491, "extra_data": {"resp": 3}, "salt": "Likert", "event": "response"}
{"inputs": {"userid": "d9e73929-d16c-49d6-9f4f-441565f8783d"}, "name": "Likert", "checksum": "f9dfb298", "params": {"reversed_scale": 0}, "time": 1431947531, "salt": "Likert", "event": "exposure"}
{"inputs": {"userid": "d9e73929-d16c-49d6-9f4f-441565f8783d"}, "name": "Likert", "checksum": "f9dfb298", "params": {"reversed_scale": 0}, "time": 1431947537, "extra_data": {"resp": 3}, "salt": "Likert", "event": "response"}
{"inputs": {"userid": "0a06e34c-a50b-4020-ad9b-b8ca9eeef68d"}, "name": "Likert", "checksum": "f9dfb298", "params": {"reversed_scale": 0}, "time": 1431947542, "salt": "Likert", "event": "exposure"}
{"inputs": {"userid": "0a06e34c-a50b-4020-ad9b-b8ca9eeef68d"}, "name": "Likert", "checksum": "f9dfb298", "params": {"reversed_scale": 0}, "time": 1431947546, "extra_data": {"resp": 4}, "salt": "Likert", "event": "response"}
{"inputs": {"userid": "4ec510cd-1c2f-4b5f-b871-d404a9e15b66"}, "name": "Likert", "checksum": "f9dfb298", "params": {"reversed_scale": 0}, "time": 1431947564, "salt": "Likert", "event": "exposure"}
{"inputs": {"userid": "4ec510cd-1c2f-4b5f-b871-d404a9e15b66"}, "name": "Likert", "checksum": "f9dfb298", "params": {"reversed_scale": 0}, "time": 1431947568, "extra_data": {"resp": 0}, "salt": "Likert", "event": "response"}
{"inputs": {"userid": "b8482297-37dd-434e-a2df-8d1bf5854d20"}, "name": "Likert", "checksum": "f9dfb298", "params": {"reversed_scale": 0}, "time": 1431947571, "salt": "Likert", "event": "exposure"}
{"inputs": {"userid": "b8482297-37dd-434e-a2df-8d1bf5854d20"}, "name": "Likert", "checksum": "f9dfb298", "params": {"reversed_scale": 0}, "time": 1431947575, "extra_data": {"resp": 3}, "salt": "Likert", "event": "response"}
{"inputs": {"userid": "f0798f57-5260-4466-8f41-8e9653b61395"}, "name": "Likert", "checksum": "f9dfb298", "params": {"reversed_scale": 0}, "time": 1431947591, "salt": "Likert", "event": "exposure"}
{"inputs": {"userid": "f0798f57-5260-4466-8f41-8e9653b61395"}, "name": "Likert", "checksum": "f9dfb298", "params": {"reversed_scale": 0}, "time": 1431947593, "extra_data": {"resp": 2}, "salt": "Likert", "event": "response"}
{"inputs": {"userid": "942d6a9e-1cd5-49e7-8404-eb122d4baf48"}, "name": "Likert", "checksum": "f9dfb298", "params": {"reversed_scale": 0}, "time": 1431947596, "salt": "Likert", "event": "exposure"}
{"inputs": {"userid": "942d6a9e-1cd5-49e7-8404-eb122d4baf48"}, "name": "Likert", "checksum": "f9dfb298", "params": {"reversed_scale": 0}, "time": 1431947601, "extra_data": {"resp": 2}, "salt": "Likert", "event": "response"}
{"inputs": {"userid": "7c7899a3-7cc3-44ab-ba6a-aed769783ee2"}, "name": "Likert", "checksum": "f9dfb298", "params": {"reversed_scale": 0}, "time": 1431947688, "salt": "Likert", "event": "exposure"}
{"inputs": {"userid": "7c7899a3-7cc3-44ab-ba6a-aed769783ee2"}, "name": "Likert", "checksum": "f9dfb298", "params": {"reversed_scale": 0}, "time": 1431947694, "extra_data": {"resp": 1}, "salt": "Likert", "event": "response"}
{"inputs": {"userid": "dd5253da-9b22-4a16-bd0d-215544faf298"}, "name": "Likert", "checksum": "f9dfb298", "params": {"reversed_scale": 0}, "time": 1431947775, "salt": "Likert", "event": "exposure"}
{"inputs": {"userid": "dd5253da-9b22-4a16-bd0d-215544faf298"}, "name": "Likert", "checksum": "f9dfb298", "params": {"reversed_scale": 0}, "time": 1431947782, "extra_data": {"resp": 3}, "salt": "Likert", "event": "response"}
{"inputs": {"userid": "c86aebe5-7624-4a33-9127-0bf38762c160"}, "name": "Likert", "checksum": "f9dfb298", "params": {"reversed_scale": 0}, "time": 1431947804, "salt": "Likert", "event": "exposure"}
{"inputs": {"userid": "c86aebe5-7624-4a33-9127-0bf38762c160"}, "name": "Likert", "checksum": "f9dfb298", "params": {"reversed_scale": 0}, "time": 1431947808, "extra_data": {"resp": 3}, "salt": "Likert", "event": "response"}
{"inputs": {"userid": "9f86779a-8015-415c-9d73-013d9ca8e0f4"}, "name": "Likert", "checksum": "f9dfb298", "params": {"reversed_scale": 1}, "time": 1431947927, "salt": "Likert", "event": "exposure"}
{"inputs": {"userid": "9f86779a-8015-415c-9d73-013d9ca8e0f4"}, "name": "Likert", "checksum": "f9dfb298", "params": {"reversed_scale": 1}, "time": 1431947943, "extra_data": {"resp": 2}, "salt": "Likert", "event": "response"}
{"inputs": {"userid": "9bbb8a7c-266b-4524-bb9f-1f796ceeeebf"}, "name": "Likert", "checksum": "f9dfb298", "params": {"reversed_scale": 0}, "time": 1431948074, "salt": "Likert", "event": "exposure"}
{"inputs": {"userid": "9bbb8a7c-266b-4524-bb9f-1f796ceeeebf"}, "name": "Likert", "checksum": "f9dfb298", "params": {"reversed_scale": 0}, "time": 1431948079, "extra_data": {"resp": 3}, "salt": "Likert", "event": "response"}
{"inputs": {"userid": "ebf3d11f-7d0f-4e88-8df3-f89eeda4ad79"}, "name": "Likert", "checksum": "f9dfb298", "params": {"reversed_scale": 1}, "time": 1431948107, "salt": "Likert", "event": "exposure"}
{"inputs": {"userid": "68e6be0b-5e75-44a8-8e22-266702c73a69"}, "name": "Likert", "checksum": "f9dfb298", "params": {"reversed_scale": 1}, "time": 1431948109, "salt": "Likert", "event": "exposure"}
{"inputs": {"userid": "68e6be0b-5e75-44a8-8e22-266702c73a69"}, "name": "Likert", "checksum": "f9dfb298", "params": {"reversed_scale": 1}, "time": 1431948112, "extra_data": {"resp": 3}, "salt": "Likert", "event": "response"}
{"inputs": {"userid": "ebf3d11f-7d0f-4e88-8df3-f89eeda4ad79"}, "name": "Likert", "checksum": "f9dfb298", "params": {"reversed_scale": 1}, "time": 1431948113, "extra_data": {"resp": 1}, "salt": "Likert", "event": "response"}
{"inputs": {"userid": "589d88df-ac05-4a75-bbeb-a99ea43ac68d"}, "name": "Likert", "checksum": "f9dfb298", "params": {"reversed_scale": 1}, "time": 1431948209, "salt": "Likert", "event": "exposure"}
{"inputs": {"userid": "589d88df-ac05-4a75-bbeb-a99ea43ac68d"}, "name": "Likert", "checksum": "f9dfb298", "params": {"reversed_scale": 1}, "time": 1431948212, "extra_data": {"resp": 2}, "salt": "Likert", "event": "response"}
{"inputs": {"userid": "24cddcec-af26-4e5e-a4ef-345b383558be"}, "name": "Likert", "checksum": "f9dfb298", "params": {"reversed_scale": 1}, "time": 1431948423, "salt": "Likert", "event": "exposure"}
{"inputs": {"userid": "24cddcec-af26-4e5e-a4ef-345b383558be"}, "name": "Likert", "checksum": "f9dfb298", "params": {"reversed_scale": 1}, "time": 1431948425, "extra_data": {"resp": 2}, "salt": "Likert", "event": "response"}
{"inputs": {"userid": "a7134069-bc86-4abf-a140-18416fdd0ffc"}, "name": "Likert", "checksum": "f9dfb298", "params": {"reversed_scale": 0}, "time": 1431948480, "salt": "Likert", "event": "exposure"}
{"inputs": {"userid": "a7134069-bc86-4abf-a140-18416fdd0ffc"}, "name": "Likert", "checksum": "f9dfb298", "params": {"reversed_scale": 0}, "time": 1431948482, "extra_data": {"resp": 3}, "salt": "Likert", "event": "response"}
{"inputs": {"userid": "4d7f2493-8f26-4588-bf10-90712aa88b9d"}, "name": "Likert", "checksum": "f9dfb298", "params": {"reversed_scale": 1}, "time": 1431948660, "salt": "Likert", "event": "exposure"}
{"inputs": {"userid": "4d7f2493-8f26-4588-bf10-90712aa88b9d"}, "name": "Likert", "checksum": "f9dfb298", "params": {"reversed_scale": 1}, "time": 1431948667, "extra_data": {"resp": 2}, "salt": "Likert", "event": "response"}
{"inputs": {"userid": "4d7f2493-8f26-4588-bf10-90712aa88b9d"}, "name": "Likert", "checksum": "f9dfb298", "params": {"reversed_scale": 1}, "time": 1431948709, "salt": "Likert", "event": "exposure"}
{"inputs": {"userid": "4d7f2493-8f26-4588-bf10-90712aa88b9d"}, "name": "Likert", "checksum": "f9dfb298", "params": {"reversed_scale": 1}, "time": 1431948714, "extra_data": {"resp": 1}, "salt": "Likert", "event": "response"}
{"inputs": {"userid": "139156ff-4061-4f11-bc3e-4fa3bda3dcd6"}, "name": "Likert", "checksum": "f9dfb298", "params": {"reversed_scale": 0}, "time": 1431948855, "salt": "Likert", "event": "exposure"}
{"inputs": {"userid": "139156ff-4061-4f11-bc3e-4fa3bda3dcd6"}, "name": "Likert", "checksum": "f9dfb298", "params": {"reversed_scale": 0}, "time": 1431948860, "extra_data": {"resp": 3}, "salt": "Likert", "event": "response"}
{"inputs": {"userid": "349fea6b-a697-4425-a13f-2972ce736cbc"}, "name": "Likert", "checksum": "f9dfb298", "params": {"reversed_scale": 0}, "time": 1431948889, "salt": "Likert", "event": "exposure"}
{"inputs": {"userid": "349fea6b-a697-4425-a13f-2972ce736cbc"}, "name": "Likert", "checksum": "f9dfb298", "params": {"reversed_scale": 0}, "time": 1431948894, "extra_data": {"resp": 2}, "salt": "Likert", "event": "response"}
{"inputs": {"userid": "89661afd-6ab7-4fee-8494-2d8d92963689"}, "name": "Likert", "checksum": "f9dfb298", "params": {"reversed_scale": 1}, "time": 1431948900, "salt": "Likert", "event": "exposure"}
{"inputs": {"userid": "89661afd-6ab7-4fee-8494-2d8d92963689"}, "name": "Likert", "checksum": "f9dfb298", "params": {"reversed_scale": 1}, "time": 1431948910, "extra_data": {"resp": 2}, "salt": "Likert", "event": "response"}
{"inputs": {"userid": "ec5a5d16-cce0-4f6e-8547-f4ee62710d7b"}, "name": "Likert", "checksum": "f9dfb298", "params": {"reversed_scale": 1}, "time": 1431949004, "salt": "Likert", "event": "exposure"}
{"inputs": {"userid": "ec5a5d16-cce0-4f6e-8547-f4ee62710d7b"}, "name": "Likert", "checksum": "f9dfb298", "params": {"reversed_scale": 1}, "time": 1431949008, "extra_data": {"resp": 2}, "salt": "Likert", "event": "response"}
{"inputs": {"userid": "9ba2a244-2a6a-445b-9b1c-5f6d642270cc"}, "name": "Likert", "checksum": "f9dfb298", "params": {"reversed_scale": 1}, "time": 1431949108, "salt": "Likert", "event": "exposure"}
{"inputs": {"userid": "a96a6a3f-6371-4375-8ce1-1b9e64e2580b"}, "name": "Likert", "checksum": "f9dfb298", "params": {"reversed_scale": 0}, "time": 1431949112, "salt": "Likert", "event": "exposure"}
{"inputs": {"userid": "a96a6a3f-6371-4375-8ce1-1b9e64e2580b"}, "name": "Likert", "checksum": "f9dfb298", "params": {"reversed_scale": 0}, "time": 1431949115, "extra_data": {"resp": 1}, "salt": "Likert", "event": "response"}
{"inputs": {"userid": "9ba2a244-2a6a-445b-9b1c-5f6d642270cc"}, "name": "Likert", "checksum": "f9dfb298", "params": {"reversed_scale": 1}, "time": 1431949122, "extra_data": {"resp": 2}, "salt": "Likert", "event": "response"}
{"inputs": {"userid": "13fb9475-5d08-4e49-8955-4e738310c6cf"}, "name": "Likert", "checksum": "f9dfb298", "params": {"reversed_scale": 1}, "time": 1431949231, "salt": "Likert", "event": "exposure"}
{"inputs": {"userid": "13fb9475-5d08-4e49-8955-4e738310c6cf"}, "name": "Likert", "checksum": "f9dfb298", "params": {"reversed_scale": 1}, "time": 1431949235, "extra_data": {"resp": 2}, "salt": "Likert", "event": "response"}
{"inputs": {"userid": "58be3e5d-82ba-4814-b7a5-902f2cf4be39"}, "name": "Likert", "checksum": "f9dfb298", "params": {"reversed_scale": 1}, "time": 1431949243, "salt": "Likert", "event": "exposure"}
{"inputs": {"userid": "58be3e5d-82ba-4814-b7a5-902f2cf4be39"}, "name": "Likert", "checksum": "f9dfb298", "params": {"reversed_scale": 1}, "time": 1431949247, "extra_data": {"resp": 2}, "salt": "Likert", "event": "response"}
{"inputs": {"userid": "87dc3ad2-c31b-41cc-9fe2-b3d92801fb25"}, "name": "Likert", "checksum": "f9dfb298", "params": {"reversed_scale": 0}, "time": 1431949278, "salt": "Likert", "event": "exposure"}
{"inputs": {"userid": "87dc3ad2-c31b-41cc-9fe2-b3d92801fb25"}, "name": "Likert", "checksum": "f9dfb298", "params": {"reversed_scale": 0}, "time": 1431949283, "extra_data": {"resp": 3}, "salt": "Likert", "event": "response"}
{"inputs": {"userid": "42157c37-5917-4b39-aca4-c5953d258e41"}, "name": "Likert", "checksum": "f9dfb298", "params": {"reversed_scale": 1}, "time": 1431949308, "salt": "Likert", "event": "exposure"}
{"inputs": {"userid": "42157c37-5917-4b39-aca4-c5953d258e41"}, "name": "Likert", "checksum": "f9dfb298", "params": {"reversed_scale": 1}, "time": 1431949311, "extra_data": {"resp": 3}, "salt": "Likert", "event": "response"}
{"inputs": {"userid": "45910402-b28a-458a-909a-c7a9579a3f92"}, "name": "Likert", "checksum": "f9dfb298", "params": {"reversed_scale": 1}, "time": 1431949405, "salt": "Likert", "event": "exposure"}
{"inputs": {"userid": "45910402-b28a-458a-909a-c7a9579a3f92"}, "name": "Likert", "checksum": "f9dfb298", "params": {"reversed_scale": 1}, "time": 1431949408, "extra_data": {"resp": 2}, "salt": "Likert", "event": "response"}
{"inputs": {"userid": "12ba40f8-e94e-4f88-8205-2f1b6df8c1d2"}, "name": "Likert", "checksum": "f9dfb298", "params": {"reversed_scale": 1}, "time": 1431949727, "salt": "Likert", "event": "exposure"}
{"inputs": {"userid": "12ba40f8-e94e-4f88-8205-2f1b6df8c1d2"}, "name": "Likert", "checksum": "f9dfb298", "params": {"reversed_scale": 1}, "time": 1431949729, "extra_data": {"resp": 3}, "salt": "Likert", "event": "response"}
{"inputs": {"userid": "ff116dc3-594a-42b3-b17b-4801299509d5"}, "name": "Likert", "checksum": "f9dfb298", "params": {"reversed_scale": 1}, "time": 1431949740, "salt": "Likert", "event": "exposure"}
{"inputs": {"userid": "ff116dc3-594a-42b3-b17b-4801299509d5"}, "name": "Likert", "checksum": "f9dfb298", "params": {"reversed_scale": 1}, "time": 1431949743, "extra_data": {"resp": 3}, "salt": "Likert", "event": "response"}
{"inputs": {"userid": "6838e9a3-dbf8-41b0-809c-c2a87240b709"}, "name": "Likert", "checksum": "f9dfb298", "params": {"reversed_scale": 1}, "time": 1431949883, "salt": "Likert", "event": "exposure"}
{"inputs": {"userid": "6838e9a3-dbf8-41b0-809c-c2a87240b709"}, "name": "Likert", "checksum": "f9dfb298", "params": {"reversed_scale": 1}, "time": 1431949886, "extra_data": {"resp": 2}, "salt": "Likert", "event": "response"}
{"inputs": {"userid": "93e05176-4b1f-4ecf-bd49-2bd9350629c2"}, "name": "Likert", "checksum": "f9dfb298", "params": {"reversed_scale": 0}, "time": 1431950092, "salt": "Likert", "event": "exposure"}
{"inputs": {"userid": "93e05176-4b1f-4ecf-bd49-2bd9350629c2"}, "name": "Likert", "checksum": "f9dfb298", "params": {"reversed_scale": 0}, "time": 1431950095, "extra_data": {"resp": 2}, "salt": "Likert", "event": "response"}
{"inputs": {"userid": "53faca90-e031-40b6-ab32-db61cf64fde5"}, "name": "Likert", "checksum": "f9dfb298", "params": {"reversed_scale": 1}, "time": 1431950115, "salt": "Likert", "event": "exposure"}
{"inputs": {"userid": "53faca90-e031-40b6-ab32-db61cf64fde5"}, "name": "Likert", "checksum": "f9dfb298", "params": {"reversed_scale": 1}, "time": 1431950120, "extra_data": {"resp": 1}, "salt": "Likert", "event": "response"}
{"inputs": {"userid": "f2b5bd96-b696-45f6-8ecc-be9c38ecb74e"}, "name": "Likert", "checksum": "f9dfb298", "params": {"reversed_scale": 0}, "time": 1431950246, "salt": "Likert", "event": "exposure"}
{"inputs": {"userid": "f2b5bd96-b696-45f6-8ecc-be9c38ecb74e"}, "name": "Likert", "checksum": "f9dfb298", "params": {"reversed_scale": 0}, "time": 1431950249, "extra_data": {"resp": 1}, "salt": "Likert", "event": "response"}
{"inputs": {"userid": "01ab59b8-9d88-4eb8-b66a-c68721a32252"}, "name": "Likert", "checksum": "f9dfb298", "params": {"reversed_scale": 0}, "time": 1431950540, "salt": "Likert", "event": "exposure"}
{"inputs": {"userid": "01ab59b8-9d88-4eb8-b66a-c68721a32252"}, "name": "Likert", "checksum": "f9dfb298", "params": {"reversed_scale": 0}, "time": 1431950545, "extra_data": {"resp": 3}, "salt": "Likert", "event": "response"}
{"inputs": {"userid": "77849d73-d06e-4f5e-bfb9-8ebb5673b2bd"}, "name": "Likert", "checksum": "f9dfb298", "params": {"reversed_scale": 1}, "time": 1431950985, "salt": "Likert", "event": "exposure"}
{"inputs": {"userid": "77849d73-d06e-4f5e-bfb9-8ebb5673b2bd"}, "name": "Likert", "checksum": "f9dfb298", "params": {"reversed_scale": 1}, "time": 1431950987, "extra_data": {"resp": 2}, "salt": "Likert", "event": "response"}
{"inputs": {"userid": "c962959b-06bd-4634-936c-c6e7036b575a"}, "name": "Likert", "checksum": "f9dfb298", "params": {"reversed_scale": 0}, "time": 1431951094, "salt": "Likert", "event": "exposure"}
{"inputs": {"userid": "c962959b-06bd-4634-936c-c6e7036b575a"}, "name": "Likert", "checksum": "f9dfb298", "params": {"reversed_scale": 0}, "time": 1431951097, "extra_data": {"resp": 2}, "salt": "Likert", "event": "response"}
{"inputs": {"userid": "65d048b0-1ca2-4d8d-a932-86e0f53cc1b8"}, "name": "Likert", "checksum": "f9dfb298", "params": {"reversed_scale": 1}, "time": 1431951511, "salt": "Likert", "event": "exposure"}
{"inputs": {"userid": "65d048b0-1ca2-4d8d-a932-86e0f53cc1b8"}, "name": "Likert", "checksum": "f9dfb298", "params": {"reversed_scale": 1}, "time": 1431951517, "extra_data": {"resp": 3}, "salt": "Likert", "event": "response"}
{"inputs": {"userid": "2e37fcbf-1d35-41c0-94b4-739ab03641fe"}, "name": "Likert", "checksum": "f9dfb298", "params": {"reversed_scale": 1}, "time": 1431951518, "salt": "Likert", "event": "exposure"}
{"inputs": {"userid": "2e37fcbf-1d35-41c0-94b4-739ab03641fe"}, "name": "Likert", "checksum": "f9dfb298", "params": {"reversed_scale": 1}, "time": 1431951521, "extra_data": {"resp": 3}, "salt": "Likert", "event": "response"}
{"inputs": {"userid": "d9e6222e-089d-4407-a4cb-e3b699aede3a"}, "name": "Likert", "checksum": "f9dfb298", "params": {"reversed_scale": 0}, "time": 1431951824, "salt": "Likert", "event": "exposure"}
{"inputs": {"userid": "d9e6222e-089d-4407-a4cb-e3b699aede3a"}, "name": "Likert", "checksum": "f9dfb298", "params": {"reversed_scale": 0}, "time": 1431951829, "extra_data": {"resp": 4}, "salt": "Likert", "event": "response"}
{"inputs": {"userid": "8a8ac0ee-bbdf-4f1c-bee2-c1b82cbeb45e"}, "name": "Likert", "checksum": "f9dfb298", "params": {"reversed_scale": 1}, "time": 1431951855, "salt": "Likert", "event": "exposure"}
{"inputs": {"userid": "8a8ac0ee-bbdf-4f1c-bee2-c1b82cbeb45e"}, "name": "Likert", "checksum": "f9dfb298", "params": {"reversed_scale": 1}, "time": 1431951858, "extra_data": {"resp": 4}, "salt": "Likert", "event": "response"}
{"inputs": {"userid": "5868d095-5d68-443a-a5bd-4ff0970314f1"}, "name": "Likert", "checksum": "f9dfb298", "params": {"reversed_scale": 0}, "time": 1431952088, "salt": "Likert", "event": "exposure"}
{"inputs": {"userid": "16dcf4d8-a918-42ad-bb9e-64309dfa536c"}, "name": "Likert", "checksum": "f9dfb298", "params": {"reversed_scale": 0}, "time": 1431952091, "salt": "Likert", "event": "exposure"}
{"inputs": {"userid": "5868d095-5d68-443a-a5bd-4ff0970314f1"}, "name": "Likert", "checksum": "f9dfb298", "params": {"reversed_scale": 0}, "time": 1431952093, "extra_data": {"resp": 2}, "salt": "Likert", "event": "response"}
{"inputs": {"userid": "16dcf4d8-a918-42ad-bb9e-64309dfa536c"}, "name": "Likert", "checksum": "f9dfb298", "params": {"reversed_scale": 0}, "time": 1431952119, "extra_data": {"resp": 3}, "salt": "Likert", "event": "response"}
{"inputs": {"userid": "f04da649-2c0b-4bc7-a0ad-a0a6a5a072e1"}, "name": "Likert", "checksum": "f9dfb298", "params": {"reversed_scale": 0}, "time": 1431952129, "salt": "Likert", "event": "exposure"}
{"inputs": {"userid": "f04da649-2c0b-4bc7-a0ad-a0a6a5a072e1"}, "name": "Likert", "checksum": "f9dfb298", "params": {"reversed_scale": 0}, "time": 1431952132, "extra_data": {"resp": 3}, "salt": "Likert", "event": "response"}
{"inputs": {"userid": "8a245b4c-9898-4231-acec-56d0ce026bb8"}, "name": "Likert", "checksum": "f9dfb298", "params": {"reversed_scale": 1}, "time": 1431952137, "salt": "Likert", "event": "exposure"}
{"inputs": {"userid": "8a245b4c-9898-4231-acec-56d0ce026bb8"}, "name": "Likert", "checksum": "f9dfb298", "params": {"reversed_scale": 1}, "time": 1431952141, "extra_data": {"resp": 3}, "salt": "Likert", "event": "response"}
{"inputs": {"userid": "8012db38-0e60-4976-a9bf-84e31e00423c"}, "name": "Likert", "checksum": "f9dfb298", "params": {"reversed_scale": 0}, "time": 1431952152, "salt": "Likert", "event": "exposure"}
{"inputs": {"userid": "8012db38-0e60-4976-a9bf-84e31e00423c"}, "name": "Likert", "checksum": "f9dfb298", "params": {"reversed_scale": 0}, "time": 1431952155, "extra_data": {"resp": 2}, "salt": "Likert", "event": "response"}
{"inputs": {"userid": "ca6fab21-456a-479c-a927-454535b5af7b"}, "name": "Likert", "checksum": "f9dfb298", "params": {"reversed_scale": 1}, "time": 1431952346, "salt": "Likert", "event": "exposure"}
{"inputs": {"userid": "ca6fab21-456a-479c-a927-454535b5af7b"}, "name": "Likert", "checksum": "f9dfb298", "params": {"reversed_scale": 1}, "time": 1431952350, "extra_data": {"resp": 3}, "salt": "Likert", "event": "response"}
{"inputs": {"userid": "5f771eac-20cc-4d2e-a5bd-f30dc75986dc"}, "name": "Likert", "checksum": "f9dfb298", "params": {"reversed_scale": 0}, "time": 1431952588, "salt": "Likert", "event": "exposure"}
{"inputs": {"userid": "5f771eac-20cc-4d2e-a5bd-f30dc75986dc"}, "name": "Likert", "checksum": "f9dfb298", "params": {"reversed_scale": 0}, "time": 1431952591, "extra_data": {"resp": 4}, "salt": "Likert", "event": "response"}
{"inputs": {"userid": "831e95d9-4513-4024-b874-f0049f68f5a3"}, "name": "Likert", "checksum": "f9dfb298", "params": {"reversed_scale": 1}, "time": 1431952655, "salt": "Likert", "event": "exposure"}
{"inputs": {"userid": "0a275250-a683-4020-8cd3-8fab90332e03"}, "name": "Likert", "checksum": "f9dfb298", "params": {"reversed_scale": 1}, "time": 1431952660, "salt": "Likert", "event": "exposure"}
{"inputs": {"userid": "831e95d9-4513-4024-b874-f0049f68f5a3"}, "name": "Likert", "checksum": "f9dfb298", "params": {"reversed_scale": 1}, "time": 1431952660, "extra_data": {"resp": 2}, "salt": "Likert", "event": "response"}
{"inputs": {"userid": "0a275250-a683-4020-8cd3-8fab90332e03"}, "name": "Likert", "checksum": "f9dfb298", "params": {"reversed_scale": 1}, "time": 1431952663, "extra_data": {"resp": 3}, "salt": "Likert", "event": "response"}
{"inputs": {"userid": "16d5140b-5362-40a3-9157-60f5d14f7868"}, "name": "Likert", "checksum": "f9dfb298", "params": {"reversed_scale": 1}, "time": 1431952734, "salt": "Likert", "event": "exposure"}
{"inputs": {"userid": "16d5140b-5362-40a3-9157-60f5d14f7868"}, "name": "Likert", "checksum": "f9dfb298", "params": {"reversed_scale": 1}, "time": 1431952739, "extra_data": {"resp": 4}, "salt": "Likert", "event": "response"}
{"inputs": {"userid": "e6ceaa5b-53ee-445c-b8cc-5b5b829e7ea8"}, "name": "Likert", "checksum": "f9dfb298", "params": {"reversed_scale": 0}, "time": 1431952788, "salt": "Likert", "event": "exposure"}
{"inputs": {"userid": "e6ceaa5b-53ee-445c-b8cc-5b5b829e7ea8"}, "name": "Likert", "checksum": "f9dfb298", "params": {"reversed_scale": 0}, "time": 1431952793, "extra_data": {"resp": 2}, "salt": "Likert", "event": "response"}
{"inputs": {"userid": "eef0e137-3818-4644-94a9-a2aa9ed2444b"}, "name": "Likert", "checksum": "f9dfb298", "params": {"reversed_scale": 0}, "time": 1431952885, "salt": "Likert", "event": "exposure"}
{"inputs": {"userid": "eef0e137-3818-4644-94a9-a2aa9ed2444b"}, "name": "Likert", "checksum": "f9dfb298", "params": {"reversed_scale": 0}, "time": 1431952891, "extra_data": {"resp": 1}, "salt": "Likert", "event": "response"}
{"inputs": {"userid": "6ef1757b-0f03-4aae-a92c-ab11a3acc82d"}, "name": "Likert", "checksum": "f9dfb298", "params": {"reversed_scale": 1}, "time": 1431953012, "salt": "Likert", "event": "exposure"}
{"inputs": {"userid": "6ef1757b-0f03-4aae-a92c-ab11a3acc82d"}, "name": "Likert", "checksum": "f9dfb298", "params": {"reversed_scale": 1}, "time": 1431953016, "extra_data": {"resp": 3}, "salt": "Likert", "event": "response"}
{"inputs": {"userid": "f6d56e0b-681f-4756-9764-7462645a12b1"}, "name": "Likert", "checksum": "f9dfb298", "params": {"reversed_scale": 1}, "time": 1431953205, "salt": "Likert", "event": "exposure"}
{"inputs": {"userid": "f6d56e0b-681f-4756-9764-7462645a12b1"}, "name": "Likert", "checksum": "f9dfb298", "params": {"reversed_scale": 1}, "time": 1431953211, "extra_data": {"resp": 3}, "salt": "Likert", "event": "response"}
{"inputs": {"userid": "beb88b7d-2369-4235-9da0-5257146bb94a"}, "name": "Likert", "checksum": "f9dfb298", "params": {"reversed_scale": 1}, "time": 1431953271, "salt": "Likert", "event": "exposure"}
{"inputs": {"userid": "beb88b7d-2369-4235-9da0-5257146bb94a"}, "name": "Likert", "checksum": "f9dfb298", "params": {"reversed_scale": 1}, "time": 1431953278, "extra_data": {"resp": 0}, "salt": "Likert", "event": "response"}
{"inputs": {"userid": "ec1f6666-a3b9-4493-95fe-43a6d2aaf58b"}, "name": "Likert", "checksum": "f9dfb298", "params": {"reversed_scale": 0}, "time": 1431953515, "salt": "Likert", "event": "exposure"}
{"inputs": {"userid": "ec1f6666-a3b9-4493-95fe-43a6d2aaf58b"}, "name": "Likert", "checksum": "f9dfb298", "params": {"reversed_scale": 0}, "time": 1431953520, "extra_data": {"resp": 2}, "salt": "Likert", "event": "response"}
{"inputs": {"userid": "24150f1b-ab17-4ed4-8c21-379f2b018379"}, "name": "Likert", "checksum": "f9dfb298", "params": {"reversed_scale": 0}, "time": 1431953571, "salt": "Likert", "event": "exposure"}
{"inputs": {"userid": "24150f1b-ab17-4ed4-8c21-379f2b018379"}, "name": "Likert", "checksum": "f9dfb298", "params": {"reversed_scale": 0}, "time": 1431953574, "extra_data": {"resp": 1}, "salt": "Likert", "event": "response"}
{"inputs": {"userid": "dd8e51b7-a240-4776-9427-d51ba56dc707"}, "name": "Likert", "checksum": "f9dfb298", "params": {"reversed_scale": 1}, "time": 1431953576, "salt": "Likert", "event": "exposure"}
{"inputs": {"userid": "dd8e51b7-a240-4776-9427-d51ba56dc707"}, "name": "Likert", "checksum": "f9dfb298", "params": {"reversed_scale": 1}, "time": 1431953580, "extra_data": {"resp": 4}, "salt": "Likert", "event": "response"}
{"inputs": {"userid": "ec1f6666-a3b9-4493-95fe-43a6d2aaf58b"}, "name": "Likert", "checksum": "f9dfb298", "params": {"reversed_scale": 0}, "time": 1431953599, "salt": "Likert", "event": "exposure"}
{"inputs": {"userid": "ec1f6666-a3b9-4493-95fe-43a6d2aaf58b"}, "name": "Likert", "checksum": "f9dfb298", "params": {"reversed_scale": 0}, "time": 1431953602, "extra_data": {"resp": 2}, "salt": "Likert", "event": "response"}
{"inputs": {"userid": "d3d1af1f-7c1a-4236-9b2b-f5bb80f0d614"}, "name": "Likert", "checksum": "f9dfb298", "params": {"reversed_scale": 1}, "time": 1431953650, "salt": "Likert", "event": "exposure"}
{"inputs": {"userid": "d3d1af1f-7c1a-4236-9b2b-f5bb80f0d614"}, "name": "Likert", "checksum": "f9dfb298", "params": {"reversed_scale": 1}, "time": 1431953654, "extra_data": {"resp": 1}, "salt": "Likert", "event": "response"}
{"inputs": {"userid": "7c95ea87-41e1-49d7-a2e0-5bedfc7e14ee"}, "name": "Likert", "checksum": "f9dfb298", "params": {"reversed_scale": 1}, "time": 1431953982, "salt": "Likert", "event": "exposure"}
{"inputs": {"userid": "7c95ea87-41e1-49d7-a2e0-5bedfc7e14ee"}, "name": "Likert", "checksum": "f9dfb298", "params": {"reversed_scale": 1}, "time": 1431953989, "extra_data": {"resp": 3}, "salt": "Likert", "event": "response"}
{"inputs": {"userid": "241a7faf-05c1-427a-918a-e97bf7afa9c3"}, "name": "Likert", "checksum": "f9dfb298", "params": {"reversed_scale": 0}, "time": 1431954069, "salt": "Likert", "event": "exposure"}
{"inputs": {"userid": "241a7faf-05c1-427a-918a-e97bf7afa9c3"}, "name": "Likert", "checksum": "f9dfb298", "params": {"reversed_scale": 0}, "time": 1431954072, "extra_data": {"resp": 1}, "salt": "Likert", "event": "response"}
{"inputs": {"userid": "f98fb4a8-e775-48f7-8dc2-28dfed01f3e8"}, "name": "Likert", "checksum": "f9dfb298", "params": {"reversed_scale": 1}, "time": 1431954151, "salt": "Likert", "event": "exposure"}
{"inputs": {"userid": "f98fb4a8-e775-48f7-8dc2-28dfed01f3e8"}, "name": "Likert", "checksum": "f9dfb298", "params": {"reversed_scale": 1}, "time": 1431954155, "extra_data": {"resp": 0}, "salt": "Likert", "event": "response"}
{"inputs": {"userid": "a0da1304-b2e3-4567-933c-f9f2351649b2"}, "name": "Likert", "checksum": "f9dfb298", "params": {"reversed_scale": 0}, "time": 1431954283, "salt": "Likert", "event": "exposure"}
{"inputs": {"userid": "a0da1304-b2e3-4567-933c-f9f2351649b2"}, "name": "Likert", "checksum": "f9dfb298", "params": {"reversed_scale": 0}, "time": 1431954286, "extra_data": {"resp": 3}, "salt": "Likert", "event": "response"}
{"inputs": {"userid": "3bdcab8f-fd5c-414b-9e03-04695b70408e"}, "name": "Likert", "checksum": "f9dfb298", "params": {"reversed_scale": 0}, "time": 1431954439, "salt": "Likert", "event": "exposure"}
{"inputs": {"userid": "3bdcab8f-fd5c-414b-9e03-04695b70408e"}, "name": "Likert", "checksum": "f9dfb298", "params": {"reversed_scale": 0}, "time": 1431954443, "extra_data": {"resp": 3}, "salt": "Likert", "event": "response"}
{"inputs": {"userid": "a1bb29d0-c59d-4530-9207-1f1262994b22"}, "name": "Likert", "checksum": "f9dfb298", "params": {"reversed_scale": 0}, "time": 1431954480, "salt": "Likert", "event": "exposure"}
{"inputs": {"userid": "a1bb29d0-c59d-4530-9207-1f1262994b22"}, "name": "Likert", "checksum": "f9dfb298", "params": {"reversed_scale": 0}, "time": 1431954483, "extra_data": {"resp": 0}, "salt": "Likert", "event": "response"}
{"inputs": {"userid": "534fe146-b909-4aa1-b1fe-562537833264"}, "name": "Likert", "checksum": "f9dfb298", "params": {"reversed_scale": 1}, "time": 1431954526, "salt": "Likert", "event": "exposure"}
{"inputs": {"userid": "2e2320bc-a7b7-4910-bd23-7a8609695199"}, "name": "Likert", "checksum": "f9dfb298", "params": {"reversed_scale": 0}, "time": 1431954526, "salt": "Likert", "event": "exposure"}
{"inputs": {"userid": "534fe146-b909-4aa1-b1fe-562537833264"}, "name": "Likert", "checksum": "f9dfb298", "params": {"reversed_scale": 1}, "time": 1431954530, "extra_data": {"resp": 3}, "salt": "Likert", "event": "response"}
{"inputs": {"userid": "2e2320bc-a7b7-4910-bd23-7a8609695199"}, "name": "Likert", "checksum": "f9dfb298", "params": {"reversed_scale": 0}, "time": 1431954532, "extra_data": {"resp": 1}, "salt": "Likert", "event": "response"}
{"inputs": {"userid": "98c96d9e-2fe3-45da-9282-48bc9964670b"}, "name": "Likert", "checksum": "f9dfb298", "params": {"reversed_scale": 0}, "time": 1431954592, "salt": "Likert", "event": "exposure"}
{"inputs": {"userid": "98c96d9e-2fe3-45da-9282-48bc9964670b"}, "name": "Likert", "checksum": "f9dfb298", "params": {"reversed_scale": 0}, "time": 1431954597, "extra_data": {"resp": 1}, "salt": "Likert", "event": "response"}
{"inputs": {"userid": "c5b817b3-dec7-4426-87a1-81a164ab2b07"}, "name": "Likert", "checksum": "f9dfb298", "params": {"reversed_scale": 1}, "time": 1431954663, "salt": "Likert", "event": "exposure"}
{"inputs": {"userid": "c5b817b3-dec7-4426-87a1-81a164ab2b07"}, "name": "Likert", "checksum": "f9dfb298", "params": {"reversed_scale": 1}, "time": 1431954666, "extra_data": {"resp": 4}, "salt": "Likert", "event": "response"}
{"inputs": {"userid": "52887c2a-6aa5-48b5-89ef-36dd1ddfa04a"}, "name": "Likert", "checksum": "f9dfb298", "params": {"reversed_scale": 1}, "time": 1431954689, "salt": "Likert", "event": "exposure"}
{"inputs": {"userid": "61c56932-9fce-4124-a4cf-e31bff13cc82"}, "name": "Likert", "checksum": "f9dfb298", "params": {"reversed_scale": 1}, "time": 1431954693, "salt": "Likert", "event": "exposure"}
{"inputs": {"userid": "61c56932-9fce-4124-a4cf-e31bff13cc82"}, "name": "Likert", "checksum": "f9dfb298", "params": {"reversed_scale": 1}, "time": 1431954698, "extra_data": {"resp": 3}, "salt": "Likert", "event": "response"}
{"inputs": {"userid": "52887c2a-6aa5-48b5-89ef-36dd1ddfa04a"}, "name": "Likert", "checksum": "f9dfb298", "params": {"reversed_scale": 1}, "time": 1431954700, "extra_data": {"resp": 3}, "salt": "Likert", "event": "response"}
{"inputs": {"userid": "415fc2e9-6473-4148-888d-2b306196a787"}, "name": "Likert", "checksum": "f9dfb298", "params": {"reversed_scale": 1}, "time": 1431954742, "salt": "Likert", "event": "exposure"}
{"inputs": {"userid": "415fc2e9-6473-4148-888d-2b306196a787"}, "name": "Likert", "checksum": "f9dfb298", "params": {"reversed_scale": 1}, "time": 1431954747, "extra_data": {"resp": 1}, "salt": "Likert", "event": "response"}
{"inputs": {"userid": "ab1d80fe-e149-4819-805e-209ddd5e3a9c"}, "name": "Likert", "checksum": "f9dfb298", "params": {"reversed_scale": 1}, "time": 1431954868, "salt": "Likert", "event": "exposure"}
{"inputs": {"userid": "ab1d80fe-e149-4819-805e-209ddd5e3a9c"}, "name": "Likert", "checksum": "f9dfb298", "params": {"reversed_scale": 1}, "time": 1431954874, "extra_data": {"resp": 3}, "salt": "Likert", "event": "response"}
{"inputs": {"userid": "0e0d4cd6-e0ee-44b0-83da-000728e0a2eb"}, "name": "Likert", "checksum": "f9dfb298", "params": {"reversed_scale": 1}, "time": 1431954894, "salt": "Likert", "event": "exposure"}
{"inputs": {"userid": "0e0d4cd6-e0ee-44b0-83da-000728e0a2eb"}, "name": "Likert", "checksum": "f9dfb298", "params": {"reversed_scale": 1}, "time": 1431954906, "extra_data": {"resp": 2}, "salt": "Likert", "event": "response"}
{"inputs": {"userid": "bb416859-7d07-4aa4-acd3-8402a0dbbfbf"}, "name": "Likert", "checksum": "f9dfb298", "params": {"reversed_scale": 1}, "time": 1431955067, "salt": "Likert", "event": "exposure"}
{"inputs": {"userid": "bb416859-7d07-4aa4-acd3-8402a0dbbfbf"}, "name": "Likert", "checksum": "f9dfb298", "params": {"reversed_scale": 1}, "time": 1431955070, "extra_data": {"resp": 2}, "salt": "Likert", "event": "response"}
{"inputs": {"userid": "94b14c4c-dd9f-4562-ad41-14039ef46303"}, "name": "Likert", "checksum": "f9dfb298", "params": {"reversed_scale": 1}, "time": 1431955140, "salt": "Likert", "event": "exposure"}
{"inputs": {"userid": "94b14c4c-dd9f-4562-ad41-14039ef46303"}, "name": "Likert", "checksum": "f9dfb298", "params": {"reversed_scale": 1}, "time": 1431955148, "extra_data": {"resp": 1}, "salt": "Likert", "event": "response"}
{"inputs": {"userid": "8ca81991-d436-449c-95f2-932f105e3af5"}, "name": "Likert", "checksum": "f9dfb298", "params": {"reversed_scale": 0}, "time": 1431955246, "salt": "Likert", "event": "exposure"}
{"inputs": {"userid": "8ca81991-d436-449c-95f2-932f105e3af5"}, "name": "Likert", "checksum": "f9dfb298", "params": {"reversed_scale": 0}, "time": 1431955249, "extra_data": {"resp": 2}, "salt": "Likert", "event": "response"}
{"inputs": {"userid": "d508cc7b-471d-4c28-94b2-ba5fd5f5d681"}, "name": "Likert", "checksum": "f9dfb298", "params": {"reversed_scale": 0}, "time": 1431955309, "salt": "Likert", "event": "exposure"}
{"inputs": {"userid": "d508cc7b-471d-4c28-94b2-ba5fd5f5d681"}, "name": "Likert", "checksum": "f9dfb298", "params": {"reversed_scale": 0}, "time": 1431955312, "extra_data": {"resp": 3}, "salt": "Likert", "event": "response"}
{"inputs": {"userid": "232b6c11-b61d-4983-b608-45481ece981d"}, "name": "Likert", "checksum": "f9dfb298", "params": {"reversed_scale": 0}, "time": 1431955345, "salt": "Likert", "event": "exposure"}
{"inputs": {"userid": "232b6c11-b61d-4983-b608-45481ece981d"}, "name": "Likert", "checksum": "f9dfb298", "params": {"reversed_scale": 0}, "time": 1431955349, "extra_data": {"resp": 4}, "salt": "Likert", "event": "response"}
{"inputs": {"userid": "2efee26b-2712-44a4-b28b-5b638095fe48"}, "name": "Likert", "checksum": "f9dfb298", "params": {"reversed_scale": 0}, "time": 1431955504, "salt": "Likert", "event": "exposure"}
{"inputs": {"userid": "2efee26b-2712-44a4-b28b-5b638095fe48"}, "name": "Likert", "checksum": "f9dfb298", "params": {"reversed_scale": 0}, "time": 1431955507, "extra_data": {"resp": 2}, "salt": "Likert", "event": "response"}
{"inputs": {"userid": "6dd61ab6-14b5-4e04-b19f-93075e9f1c72"}, "name": "Likert", "checksum": "f9dfb298", "params": {"reversed_scale": 1}, "time": 1431955754, "salt": "Likert", "event": "exposure"}
{"inputs": {"userid": "6dd61ab6-14b5-4e04-b19f-93075e9f1c72"}, "name": "Likert", "checksum": "f9dfb298", "params": {"reversed_scale": 1}, "time": 1431955758, "extra_data": {"resp": 2}, "salt": "Likert", "event": "response"}
{"inputs": {"userid": "6dd61ab6-14b5-4e04-b19f-93075e9f1c72"}, "name": "Likert", "checksum": "f9dfb298", "params": {"reversed_scale": 1}, "time": 1431955759, "extra_data": {"resp": 2}, "salt": "Likert", "event": "response"}
{"inputs": {"userid": "521a31dc-c19f-4049-91b0-afc16c6bf56d"}, "name": "Likert", "checksum": "f9dfb298", "params": {"reversed_scale": 1}, "time": 1431955787, "salt": "Likert", "event": "exposure"}
{"inputs": {"userid": "521a31dc-c19f-4049-91b0-afc16c6bf56d"}, "name": "Likert", "checksum": "f9dfb298", "params": {"reversed_scale": 1}, "time": 1431955790, "extra_data": {"resp": 4}, "salt": "Likert", "event": "response"}
{"inputs": {"userid": "2634305d-6d76-47d3-b091-9695ccbb6305"}, "name": "Likert", "checksum": "f9dfb298", "params": {"reversed_scale": 1}, "time": 1431955843, "salt": "Likert", "event": "exposure"}
{"inputs": {"userid": "1dda92f4-363b-45b9-a161-94e9c534bbac"}, "name": "Likert", "checksum": "f9dfb298", "params": {"reversed_scale": 0}, "time": 1431955882, "salt": "Likert", "event": "exposure"}
{"inputs": {"userid": "2634305d-6d76-47d3-b091-9695ccbb6305"}, "name": "Likert", "checksum": "f9dfb298", "params": {"reversed_scale": 1}, "time": 1431955886, "salt": "Likert", "event": "exposure"}
{"inputs": {"userid": "1dda92f4-363b-45b9-a161-94e9c534bbac"}, "name": "Likert", "checksum": "f9dfb298", "params": {"reversed_scale": 0}, "time": 1431955886, "extra_data": {"resp": 2}, "salt": "Likert", "event": "response"}
{"inputs": {"userid": "2634305d-6d76-47d3-b091-9695ccbb6305"}, "name": "Likert", "checksum": "f9dfb298", "params": {"reversed_scale": 1}, "time": 1431955888, "extra_data": {"resp": 3}, "salt": "Likert", "event": "response"}
{"inputs": {"userid": "7b19cc59-8330-4cdb-8b74-e5932758bdfb"}, "name": "Likert", "checksum": "f9dfb298", "params": {"reversed_scale": 0}, "time": 1431955998, "salt": "Likert", "event": "exposure"}
{"inputs": {"userid": "7b19cc59-8330-4cdb-8b74-e5932758bdfb"}, "name": "Likert", "checksum": "f9dfb298", "params": {"reversed_scale": 0}, "time": 1431956004, "extra_data": {"resp": 1}, "salt": "Likert", "event": "response"}
{"inputs": {"userid": "56d2fd54-5439-4b2a-8443-2dfb5f4a5a38"}, "name": "Likert", "checksum": "f9dfb298", "params": {"reversed_scale": 0}, "time": 1431956085, "salt": "Likert", "event": "exposure"}
{"inputs": {"userid": "56d2fd54-5439-4b2a-8443-2dfb5f4a5a38"}, "name": "Likert", "checksum": "f9dfb298", "params": {"reversed_scale": 0}, "time": 1431956088, "extra_data": {"resp": 3}, "salt": "Likert", "event": "response"}
{"inputs": {"userid": "fe7b2b24-52c2-43ef-8df5-330a3e77611b"}, "name": "Likert", "checksum": "f9dfb298", "params": {"reversed_scale": 0}, "time": 1431956271, "salt": "Likert", "event": "exposure"}
{"inputs": {"userid": "fe7b2b24-52c2-43ef-8df5-330a3e77611b"}, "name": "Likert", "checksum": "f9dfb298", "params": {"reversed_scale": 0}, "time": 1431956275, "extra_data": {"resp": 3}, "salt": "Likert", "event": "response"}
{"inputs": {"userid": "cf5c2510-9b8b-42eb-8208-f7ca9ea24c60"}, "name": "Likert", "checksum": "f9dfb298", "params": {"reversed_scale": 0}, "time": 1431956326, "salt": "Likert", "event": "exposure"}
{"inputs": {"userid": "cf5c2510-9b8b-42eb-8208-f7ca9ea24c60"}, "name": "Likert", "checksum": "f9dfb298", "params": {"reversed_scale": 0}, "time": 1431956331, "extra_data": {"resp": 4}, "salt": "Likert", "event": "response"}
{"inputs": {"userid": "f0d817c5-fec9-4400-98cd-9366e05072c6"}, "name": "Likert", "checksum": "f9dfb298", "params": {"reversed_scale": 1}, "time": 1431956467, "salt": "Likert", "event": "exposure"}
{"inputs": {"userid": "f0d817c5-fec9-4400-98cd-9366e05072c6"}, "name": "Likert", "checksum": "f9dfb298", "params": {"reversed_scale": 1}, "time": 1431956470, "extra_data": {"resp": 4}, "salt": "Likert", "event": "response"}
{"inputs": {"userid": "bb82106e-9160-4be7-a09a-5cb512069acf"}, "name": "Likert", "checksum": "f9dfb298", "params": {"reversed_scale": 1}, "time": 1431956496, "salt": "Likert", "event": "exposure"}
{"inputs": {"userid": "bb82106e-9160-4be7-a09a-5cb512069acf"}, "name": "Likert", "checksum": "f9dfb298", "params": {"reversed_scale": 1}, "time": 1431956499, "extra_data": {"resp": 2}, "salt": "Likert", "event": "response"}
{"inputs": {"userid": "5c17aeca-8438-4fa5-80e2-823a35ea1324"}, "name": "Likert", "checksum": "f9dfb298", "params": {"reversed_scale": 1}, "time": 1431956517, "salt": "Likert", "event": "exposure"}
{"inputs": {"userid": "5c17aeca-8438-4fa5-80e2-823a35ea1324"}, "name": "Likert", "checksum": "f9dfb298", "params": {"reversed_scale": 1}, "time": 1431956520, "extra_data": {"resp": 1}, "salt": "Likert", "event": "response"}
{"inputs": {"userid": "5c17aeca-8438-4fa5-80e2-823a35ea1324"}, "name": "Likert", "checksum": "f9dfb298", "params": {"reversed_scale": 1}, "time": 1431956568, "salt": "Likert", "event": "exposure"}
{"inputs": {"userid": "5c17aeca-8438-4fa5-80e2-823a35ea1324"}, "name": "Likert", "checksum": "f9dfb298", "params": {"reversed_scale": 1}, "time": 1431956571, "extra_data": {"resp": 1}, "salt": "Likert", "event": "response"}
{"inputs": {"userid": "37263aea-a2ac-451b-8a7d-2ebac799ca02"}, "name": "Likert", "checksum": "f9dfb298", "params": {"reversed_scale": 1}, "time": 1431956782, "salt": "Likert", "event": "exposure"}
{"inputs": {"userid": "37263aea-a2ac-451b-8a7d-2ebac799ca02"}, "name": "Likert", "checksum": "f9dfb298", "params": {"reversed_scale": 1}, "time": 1431956787, "extra_data": {"resp": 3}, "salt": "Likert", "event": "response"}
{"inputs": {"userid": "81b9555a-0d5c-4c6b-a6db-250de285487c"}, "name": "Likert", "checksum": "f9dfb298", "params": {"reversed_scale": 1}, "time": 1431956824, "salt": "Likert", "event": "exposure"}
{"inputs": {"userid": "81b9555a-0d5c-4c6b-a6db-250de285487c"}, "name": "Likert", "checksum": "f9dfb298", "params": {"reversed_scale": 1}, "time": 1431956828, "extra_data": {"resp": 4}, "salt": "Likert", "event": "response"}
{"inputs": {"userid": "968bd92d-f0c4-430e-bf78-4c91e59d7b2e"}, "name": "Likert", "checksum": "f9dfb298", "params": {"reversed_scale": 0}, "time": 1431956947, "salt": "Likert", "event": "exposure"}
{"inputs": {"userid": "968bd92d-f0c4-430e-bf78-4c91e59d7b2e"}, "name": "Likert", "checksum": "f9dfb298", "params": {"reversed_scale": 0}, "time": 1431956973, "extra_data": {"resp": 2}, "salt": "Likert", "event": "response"}
{"inputs": {"userid": "1d58d9fe-0e19-4713-8e98-0ab30addb906"}, "name": "Likert", "checksum": "f9dfb298", "params": {"reversed_scale": 1}, "time": 1431957036, "salt": "Likert", "event": "exposure"}
{"inputs": {"userid": "1d58d9fe-0e19-4713-8e98-0ab30addb906"}, "name": "Likert", "checksum": "f9dfb298", "params": {"reversed_scale": 1}, "time": 1431957040, "extra_data": {"resp": 4}, "salt": "Likert", "event": "response"}
{"inputs": {"userid": "34aecb7a-f828-4493-a997-aac20b6e5e1c"}, "name": "Likert", "checksum": "f9dfb298", "params": {"reversed_scale": 1}, "time": 1431957675, "salt": "Likert", "event": "exposure"}
{"inputs": {"userid": "34aecb7a-f828-4493-a997-aac20b6e5e1c"}, "name": "Likert", "checksum": "f9dfb298", "params": {"reversed_scale": 1}, "time": 1431957679, "extra_data": {"resp": 2}, "salt": "Likert", "event": "response"}
