{"inputs": {"userid": "7a0f5e6d-e86b-4697-bf74-37021e9e5be0"}, "name": "Likert", "checksum": "33083c7d", "params": {"scale": [[0, "very conservative"], [1, "conservative"], [2, "moderate"], [3, "liberal"], [4, "very liberal"]]}, "time": 1401402691, "salt": "Likert", "event": "exposure"}
{"inputs": {"userid": "7a0f5e6d-e86b-4697-bf74-37021e9e5be0"}, "name": "Likert", "checksum": "33083c7d", "params": {"scale": [[0, "very conservative"], [1, "conservative"], [2, "moderate"], [3, "liberal"], [4, "very liberal"]]}, "time": 1401402693, "salt": "Likert", "event": "exposure"}
{"inputs": {"userid": "7a0f5e6d-e86b-4697-bf74-37021e9e5be0"}, "name": "Likert", "checksum": "33083c7d", "params": {"scale": [[0, "very conservative"], [1, "conservative"], [2, "moderate"], [3, "liberal"], [4, "very liberal"]]}, "time": 1401402693, "salt": "Likert", "event": "exposure"}
{"inputs": {"scale": [[0, "very conservative"], [1, "conservative"], [2, "moderate"], [3, "liberal"], [4, "very liberal"]], "userid": "7a0f5e6d-e86b-4697-bf74-37021e9e5be0"}, "name": "Likert", "checksum": "9fccff95", "params": {"scale": [[0, "very conservative"], [1, "conservative"], [2, "moderate"], [3, "liberal"], [4, "very liberal"]]}, "time": 1401402893, "salt": "Likert", "event": "exposure"}
{"inputs": {"scale": [[0, "very conservative"], [1, "conservative"], [2, "moderate"], [3, "liberal"], [4, "very liberal"]], "userid": "7a0f5e6d-e86b-4697-bf74-37021e9e5be0"}, "name": "Likert", "checksum": "9fccff95", "params": {"scale": [[0, "very conservative"], [1, "conservative"], [2, "moderate"], [3, "liberal"], [4, "very liberal"]]}, "time": 1401402894, "salt": "Likert", "event": "exposure"}
{"inputs": {"scale": [[0, "very conservative"], [1, "conservative"], [2, "moderate"], [3, "liberal"], [4, "very liberal"]], "userid": "7a0f5e6d-e86b-4697-bf74-37021e9e5be0"}, "name": "Likert", "checksum": "9fccff95", "params": {"scale": [[0, "very conservative"], [1, "conservative"], [2, "moderate"], [3, "liberal"], [4, "very liberal"]]}, "time": 1401402894, "salt": "Likert", "event": "exposure"}
{"inputs": {"scale": [[0, "very conservative"], [1, "conservative"], [2, "moderate"], [3, "liberal"], [4, "very liberal"]], "userid": "7a0f5e6d-e86b-4697-bf74-37021e9e5be0"}, "name": "Likert", "checksum": "9fccff95", "params": {"scale": [[0, "very conservative"], [1, "conservative"], [2, "moderate"], [3, "liberal"], [4, "very liberal"]]}, "time": 1401402894, "salt": "Likert", "event": "exposure"}
{"inputs": {"scale": [[0, "very conservative"], [1, "conservative"], [2, "moderate"], [3, "liberal"], [4, "very liberal"]], "userid": "7a0f5e6d-e86b-4697-bf74-37021e9e5be0"}, "name": "Likert", "checksum": "9fccff95", "params": {"scale": [[0, "very conservative"], [1, "conservative"], [2, "moderate"], [3, "liberal"], [4, "very liberal"]]}, "time": 1401402894, "salt": "Likert", "event": "exposure"}
{"inputs": {"scale": [[0, "very conservative"], [1, "conservative"], [2, "moderate"], [3, "liberal"], [4, "very liberal"]], "userid": "7a0f5e6d-e86b-4697-bf74-37021e9e5be0"}, "name": "Likert", "checksum": "9fccff95", "params": {"scale": [[0, "very conservative"], [1, "conservative"], [2, "moderate"], [3, "liberal"], [4, "very liberal"]]}, "time": 1401402894, "salt": "Likert", "event": "exposure"}
{"inputs": {"scale": [[0, "very conservative"], [1, "conservative"], [2, "moderate"], [3, "liberal"], [4, "very liberal"]], "userid": "7a0f5e6d-e86b-4697-bf74-37021e9e5be0"}, "name": "Likert", "checksum": "aaaf275d", "params": {"scale": [[4, "very liberal"], [3, "liberal"], [2, "moderate"], [1, "conservative"], [0, "very conservative"]]}, "time": 1401402908, "salt": "Likert", "event": "exposure"}
{"inputs": {"scale": [[0, "very conservative"], [1, "conservative"], [2, "moderate"], [3, "liberal"], [4, "very liberal"]], "userid": "7a0f5e6d-e86b-4697-bf74-37021e9e5be0"}, "name": "Likert", "checksum": "aaaf275d", "params": {"scale": [[4, "very liberal"], [3, "liberal"], [2, "moderate"], [1, "conservative"], [0, "very conservative"]]}, "time": 1401402909, "salt": "Likert", "event": "exposure"}
{"inputs": {"scale": [[0, "very conservative"], [1, "conservative"], [2, "moderate"], [3, "liberal"], [4, "very liberal"]], "userid": "7a0f5e6d-e86b-4697-bf74-37021e9e5be0"}, "name": "Likert", "checksum": "aaaf275d", "params": {"scale": [[4, "very liberal"], [3, "liberal"], [2, "moderate"], [1, "conservative"], [0, "very conservative"]]}, "time": 1401402909, "salt": "Likert", "event": "exposure"}
{"inputs": {"userid": "7a0f5e6d-e86b-4697-bf74-37021e9e5be0"}, "name": "Likert", "checksum": "f9dfb298", "params": {"reversed_scale": 0}, "time": 1401403100, "salt": "Likert", "event": "exposure"}
{"inputs": {"userid": "7a0f5e6d-e86b-4697-bf74-37021e9e5be0"}, "name": "Likert", "checksum": "f9dfb298", "params": {"reversed_scale": 0}, "time": 1401403101, "salt": "Likert", "event": "exposure"}
{"inputs": {"userid": "7a0f5e6d-e86b-4697-bf74-37021e9e5be0"}, "name": "Likert", "checksum": "f9dfb298", "params": {"reversed_scale": 0}, "time": 1401403101, "salt": "Likert", "event": "exposure"}
{"inputs": {"userid": "7a0f5e6d-e86b-4697-bf74-37021e9e5be0"}, "name": "Likert", "checksum": "f9dfb298", "params": {"reversed_scale": 0}, "time": 1401403101, "salt": "Likert", "event": "exposure"}
{"inputs": {"userid": "7a0f5e6d-e86b-4697-bf74-37021e9e5be0"}, "name": "Likert", "checksum": "f9dfb298", "params": {"reversed_scale": 0}, "time": 1401403102, "salt": "Likert", "event": "exposure"}
{"inputs": {"userid": "7a0f5e6d-e86b-4697-bf74-37021e9e5be0"}, "name": "Likert", "checksum": "f9dfb298", "params": {"reversed_scale": 0}, "time": 1401403124, "salt": "Likert", "event": "exposure"}
{"inputs": {"userid": "7a0f5e6d-e86b-4697-bf74-37021e9e5be0"}, "name": "Likert", "checksum": "f9dfb298", "params": {"reversed_scale": 0}, "time": 1401403125, "salt": "Likert", "event": "exposure"}
{"inputs": {"userid": "7a0f5e6d-e86b-4697-bf74-37021e9e5be0"}, "name": "Likert", "checksum": "f9dfb298", "params": {"reversed_scale": 0}, "time": 1401403140, "salt": "Likert", "event": "exposure"}
{"inputs": {"userid": "7a0f5e6d-e86b-4697-bf74-37021e9e5be0"}, "name": "Likert", "checksum": "f9dfb298", "params": {"reversed_scale": 0}, "time": 1401403217, "salt": "Likert", "event": "exposure"}
{"inputs": {"userid": "7a0f5e6d-e86b-4697-bf74-37021e9e5be0"}, "name": "Likert", "checksum": "f9dfb298", "params": {"reversed_scale": 0}, "time": 1401403218, "salt": "Likert", "event": "exposure"}
{"inputs": {"userid": "7a0f5e6d-e86b-4697-bf74-37021e9e5be0"}, "name": "Likert", "checksum": "f9dfb298", "params": {"reversed_scale": 0}, "time": 1401403218, "salt": "Likert", "event": "exposure"}
{"inputs": {"userid": "7a0f5e6d-e86b-4697-bf74-37021e9e5be0"}, "name": "Likert", "checksum": "f9dfb298", "params": {"reversed_scale": 0}, "time": 1401403219, "salt": "Likert", "event": "exposure"}
{"inputs": {"userid": "7a0f5e6d-e86b-4697-bf74-37021e9e5be0"}, "name": "Likert", "checksum": "f9dfb298", "params": {"reversed_scale": 0}, "time": 1401403219, "salt": "Likert", "event": "exposure"}
{"inputs": {"userid": "7a0f5e6d-e86b-4697-bf74-37021e9e5be0"}, "name": "Likert", "checksum": "f9dfb298", "params": {"reversed_scale": 0}, "time": 1401403272, "salt": "Likert", "event": "exposure"}
{"inputs": {"userid": "7a0f5e6d-e86b-4697-bf74-37021e9e5be0"}, "name": "Likert", "checksum": "f9dfb298", "params": {"reversed_scale": 0}, "time": 1401403273, "salt": "Likert", "event": "exposure"}
{"inputs": {"userid": "7a0f5e6d-e86b-4697-bf74-37021e9e5be0"}, "name": "Likert", "checksum": "f9dfb298", "params": {"reversed_scale": 0}, "time": 1401403284, "salt": "Likert", "event": "exposure"}
{"inputs": {"userid": "7a0f5e6d-e86b-4697-bf74-37021e9e5be0"}, "name": "Likert", "checksum": "f9dfb298", "params": {"reversed_scale": 0}, "time": 1401403329, "salt": "Likert", "event": "exposure"}
{"inputs": {"userid": "7a0f5e6d-e86b-4697-bf74-37021e9e5be0"}, "name": "Likert", "checksum": "f9dfb298", "params": {"reversed_scale": 0}, "time": 1401403329, "salt": "Likert", "event": "exposure"}
{"inputs": {"userid": "7a0f5e6d-e86b-4697-bf74-37021e9e5be0"}, "name": "Likert", "checksum": "f9dfb298", "params": {"reversed_scale": 0}, "time": 1401403330, "salt": "Likert", "event": "exposure"}
{"inputs": {"userid": "7a0f5e6d-e86b-4697-bf74-37021e9e5be0"}, "name": "Likert", "checksum": "f9dfb298", "params": {"reversed_scale": 0}, "time": 1401403333, "salt": "Likert", "event": "exposure"}
{"inputs": {"userid": "7a0f5e6d-e86b-4697-bf74-37021e9e5be0"}, "name": "Likert", "checksum": "f9dfb298", "params": {"reversed_scale": 0}, "time": 1401403355, "salt": "Likert", "event": "exposure"}
{"inputs": {"userid": "7a0f5e6d-e86b-4697-bf74-37021e9e5be0"}, "name": "Likert", "checksum": "f9dfb298", "params": {"reversed_scale": 0}, "time": 1401403410, "salt": "Likert", "event": "exposure"}
{"inputs": {"userid": "7a0f5e6d-e86b-4697-bf74-37021e9e5be0"}, "name": "Likert", "checksum": "f9dfb298", "params": {"reversed_scale": 0}, "time": 1401403569, "salt": "Likert", "event": "exposure"}
{"inputs": {"userid": "7a0f5e6d-e86b-4697-bf74-37021e9e5be0"}, "name": "Likert", "checksum": "f9dfb298", "params": {"reversed_scale": 0}, "time": 1401403578, "salt": "Likert", "event": "exposure"}
{"inputs": {"userid": "7a0f5e6d-e86b-4697-bf74-37021e9e5be0"}, "name": "Likert", "checksum": "f9dfb298", "params": {"reversed_scale": 0}, "time": 1401403617, "salt": "Likert", "event": "exposure"}
{"inputs": {"userid": "7a0f5e6d-e86b-4697-bf74-37021e9e5be0"}, "name": "Likert", "checksum": "f9dfb298", "params": {"reversed_scale": 0}, "time": 1401403618, "salt": "Likert", "event": "exposure"}
{"inputs": {"userid": "7a0f5e6d-e86b-4697-bf74-37021e9e5be0"}, "name": "Likert", "checksum": "f9dfb298", "params": {"reversed_scale": 0}, "time": 1401403619, "salt": "Likert", "event": "exposure"}
{"inputs": {"userid": "7a0f5e6d-e86b-4697-bf74-37021e9e5be0"}, "name": "Likert", "checksum": "f9dfb298", "params": {"reversed_scale": 0}, "time": 1401403620, "salt": "Likert", "event": "exposure"}
{"inputs": {"userid": "7a0f5e6d-e86b-4697-bf74-37021e9e5be0"}, "name": "Likert", "checksum": "f9dfb298", "params": {"reversed_scale": 0}, "time": 1401403660, "salt": "Likert", "event": "exposure"}
{"inputs": {"userid": "7a0f5e6d-e86b-4697-bf74-37021e9e5be0"}, "name": "Likert", "checksum": "f9dfb298", "params": {"reversed_scale": 0}, "time": 1401403661, "extra_data": {"resp": null}, "salt": "Likert", "event": "response"}
{"inputs": {"userid": "7a0f5e6d-e86b-4697-bf74-37021e9e5be0"}, "name": "Likert", "checksum": "f9dfb298", "params": {"reversed_scale": 0}, "time": 1401403661, "salt": "Likert", "event": "exposure"}
{"inputs": {"userid": "7a0f5e6d-e86b-4697-bf74-37021e9e5be0"}, "name": "Likert", "checksum": "f9dfb298", "params": {"reversed_scale": 0}, "time": 1401403663, "extra_data": {"resp": 1}, "salt": "Likert", "event": "response"}
{"inputs": {"userid": "7a0f5e6d-e86b-4697-bf74-37021e9e5be0"}, "name": "Likert", "checksum": "f9dfb298", "params": {"reversed_scale": 0}, "time": 1401403689, "salt": "Likert", "event": "exposure"}
{"inputs": {"userid": "7a0f5e6d-e86b-4697-bf74-37021e9e5be0"}, "name": "Likert", "checksum": "f9dfb298", "params": {"reversed_scale": 0}, "time": 1401403692, "extra_data": {"resp": 2}, "salt": "Likert", "event": "response"}
{"inputs": {"userid": "7a0f5e6d-e86b-4697-bf74-37021e9e5be0"}, "name": "Likert", "checksum": "f9dfb298", "params": {"reversed_scale": 0}, "time": 1401403993, "salt": "Likert", "event": "exposure"}
{"inputs": {"userid": "7a0f5e6d-e86b-4697-bf74-37021e9e5be0"}, "name": "Likert", "checksum": "f9dfb298", "params": {"reversed_scale": 0}, "time": 1401403996, "extra_data": {"resp": 2}, "salt": "Likert", "event": "response"}
{"inputs": {"userid": "7a0f5e6d-e86b-4697-bf74-37021e9e5be0"}, "name": "Likert", "checksum": "f9dfb298", "params": {"reversed_scale": 0}, "time": 1401404001, "salt": "Likert", "event": "exposure"}
{"inputs": {"userid": "7a0f5e6d-e86b-4697-bf74-37021e9e5be0"}, "name": "Likert", "checksum": "f9dfb298", "params": {"reversed_scale": 0}, "time": 1401405773, "salt": "Likert", "event": "exposure"}
{"inputs": {"userid": "7a0f5e6d-e86b-4697-bf74-37021e9e5be0"}, "name": "Likert", "checksum": "f9dfb298", "params": {"reversed_scale": 0}, "time": 1401405781, "salt": "Likert", "event": "exposure"}
{"inputs": {"userid": "7a0f5e6d-e86b-4697-bf74-37021e9e5be0"}, "name": "Likert", "checksum": "f9dfb298", "params": {"reversed_scale": 0}, "time": 1401407827, "salt": "Likert", "event": "exposure"}
{"inputs": {"userid": "7a0f5e6d-e86b-4697-bf74-37021e9e5be0"}, "name": "Likert", "checksum": "f9dfb298", "params": {"reversed_scale": 0}, "time": 1401408132, "salt": "Likert", "event": "exposure"}
{"inputs": {"userid": "7a0f5e6d-e86b-4697-bf74-37021e9e5be0"}, "name": "Likert", "checksum": "f9dfb298", "params": {"reversed_scale": 0}, "time": 1401408148, "salt": "Likert", "event": "exposure"}
{"inputs": {"userid": "7a0f5e6d-e86b-4697-bf74-37021e9e5be0"}, "name": "Likert", "checksum": "f9dfb298", "params": {"reversed_scale": 0}, "time": 1401408152, "extra_data": {"resp": 2}, "salt": "Likert", "event": "response"}
{"inputs": {"userid": "7a0f5e6d-e86b-4697-bf74-37021e9e5be0"}, "name": "Likert", "checksum": "f9dfb298", "params": {"reversed_scale": 0}, "time": 1401408157, "salt": "Likert", "event": "exposure"}
{"inputs": {"userid": "7a0f5e6d-e86b-4697-bf74-37021e9e5be0"}, "name": "Likert", "checksum": "f9dfb298", "params": {"reversed_scale": 0}, "time": 1401408177, "salt": "Likert", "event": "exposure"}
{"inputs": {"userid": "7a0f5e6d-e86b-4697-bf74-37021e9e5be0"}, "name": "Likert", "checksum": "f9dfb298", "params": {"reversed_scale": 0}, "time": 1401408187, "salt": "Likert", "event": "exposure"}
{"inputs": {"userid": "7a0f5e6d-e86b-4697-bf74-37021e9e5be0"}, "name": "Likert", "checksum": "f9dfb298", "params": {"reversed_scale": 0}, "time": 1401408234, "salt": "Likert", "event": "exposure"}
{"inputs": {"userid": "7a0f5e6d-e86b-4697-bf74-37021e9e5be0"}, "name": "Likert", "checksum": "f9dfb298", "params": {"reversed_scale": 0}, "time": 1401408236, "salt": "Likert", "event": "exposure"}
{"inputs": {"userid": "7a0f5e6d-e86b-4697-bf74-37021e9e5be0"}, "name": "Likert", "checksum": "f9dfb298", "params": {"reversed_scale": 0}, "time": 1401408244, "salt": "Likert", "event": "exposure"}
{"inputs": {"userid": "7a0f5e6d-e86b-4697-bf74-37021e9e5be0"}, "name": "Likert", "checksum": "f9dfb298", "params": {"reversed_scale": 0}, "time": 1401408247, "extra_data": {"resp": null}, "salt": "Likert", "event": "response"}
{"inputs": {"userid": "7a0f5e6d-e86b-4697-bf74-37021e9e5be0"}, "name": "Likert", "checksum": "f9dfb298", "params": {"reversed_scale": 0}, "time": 1401408247, "salt": "Likert", "event": "exposure"}
{"inputs": {"userid": "7a0f5e6d-e86b-4697-bf74-37021e9e5be0"}, "name": "Likert", "checksum": "f9dfb298", "params": {"reversed_scale": 0}, "time": 1401408248, "extra_data": {"resp": null}, "salt": "Likert", "event": "response"}
{"inputs": {"userid": "7a0f5e6d-e86b-4697-bf74-37021e9e5be0"}, "name": "Likert", "checksum": "f9dfb298", "params": {"reversed_scale": 0}, "time": 1401408248, "salt": "Likert", "event": "exposure"}
{"inputs": {"userid": "7a0f5e6d-e86b-4697-bf74-37021e9e5be0"}, "name": "Likert", "checksum": "f9dfb298", "params": {"reversed_scale": 0}, "time": 1401408251, "extra_data": {"resp": 1}, "salt": "Likert", "event": "response"}
{"inputs": {"userid": "7a0f5e6d-e86b-4697-bf74-37021e9e5be0"}, "name": "Likert", "checksum": "f9dfb298", "params": {"reversed_scale": 0}, "time": 1401408257, "salt": "Likert", "event": "exposure"}
{"inputs": {"userid": "7a0f5e6d-e86b-4697-bf74-37021e9e5be0"}, "name": "Likert", "checksum": "f9dfb298", "params": {"reversed_scale": 0}, "time": 1401408262, "extra_data": {"resp": 2}, "salt": "Likert", "event": "response"}
